  [1m[35m (0.0ms)[0m  [1m[34mSELECT sqlite_version(*)[0m
  [1m[35m (5.3ms)[0m  [1m[35mCREATE TABLE "schema_migrations" ("version" varchar NOT NULL PRIMARY KEY)[0m
  [1m[35m (4.6ms)[0m  [1m[35mCREATE TABLE "ar_internal_metadata" ("key" varchar NOT NULL PRIMARY KEY, "value" varchar, "created_at" datetime NOT NULL, "updated_at" datetime NOT NULL)[0m
  [1m[35m (0.1ms)[0m  [1m[34mSELECT "schema_migrations"."version" FROM "schema_migrations" ORDER BY "schema_migrations"."version" ASC[0m
Migrating to CreateUsers (20180321093055)
  [1m[35m (0.0ms)[0m  [1m[36mbegin transaction[0m
  [1m[35m (0.3ms)[0m  [1m[35mCREATE TABLE "users" ("id" INTEGER PRIMARY KEY AUTOINCREMENT NOT NULL, "name" varchar, "email" varchar, "login" varchar, "created_at" datetime NOT NULL, "updated_at" datetime NOT NULL)[0m
  [1m[35mSQL (0.1ms)[0m  [1m[32mINSERT INTO "schema_migrations" ("version") VALUES (?)[0m  [["version", "20180321093055"]]
  [1m[35m (4.2ms)[0m  [1m[36mcommit transaction[0m
  [1m[36mActiveRecord::InternalMetadata Load (0.1ms)[0m  [1m[34mSELECT  "ar_internal_metadata".* FROM "ar_internal_metadata" WHERE "ar_internal_metadata"."key" = ? LIMIT ?[0m  [["key", "environment"], ["LIMIT", 1]]
  [1m[35m (0.0ms)[0m  [1m[36mbegin transaction[0m
  [1m[35mSQL (0.1ms)[0m  [1m[32mINSERT INTO "ar_internal_metadata" ("key", "value", "created_at", "updated_at") VALUES (?, ?, ?, ?)[0m  [["key", "environment"], ["value", "development"], ["created_at", "2018-03-21 09:31:15.715437"], ["updated_at", "2018-03-21 09:31:15.715437"]]
  [1m[35m (3.3ms)[0m  [1m[36mcommit transaction[0m
  [1m[35m (0.1ms)[0m  [1m[34mSELECT "schema_migrations"."version" FROM "schema_migrations" ORDER BY "schema_migrations"."version" ASC[0m
Started GET "/welcome" for 127.0.0.1 at 2018-03-21 10:12:36 +0000
  [1m[35m (0.1ms)[0m  [1m[34mSELECT "schema_migrations"."version" FROM "schema_migrations" ORDER BY "schema_migrations"."version" ASC[0m
  
ActionController::RoutingError (No route matches [GET] "/welcome"):
  
actionpack (5.1.5) lib/action_dispatch/middleware/debug_exceptions.rb:63:in `call'
web-console (3.5.1) lib/web_console/middleware.rb:135:in `call_app'
web-console (3.5.1) lib/web_console/middleware.rb:28:in `block in call'
web-console (3.5.1) lib/web_console/middleware.rb:18:in `catch'
web-console (3.5.1) lib/web_console/middleware.rb:18:in `call'
actionpack (5.1.5) lib/action_dispatch/middleware/show_exceptions.rb:31:in `call'
railties (5.1.5) lib/rails/rack/logger.rb:36:in `call_app'
railties (5.1.5) lib/rails/rack/logger.rb:24:in `block in call'
activesupport (5.1.5) lib/active_support/tagged_logging.rb:69:in `block in tagged'
activesupport (5.1.5) lib/active_support/tagged_logging.rb:26:in `tagged'
activesupport (5.1.5) lib/active_support/tagged_logging.rb:69:in `tagged'
railties (5.1.5) lib/rails/rack/logger.rb:24:in `call'
sprockets-rails (3.2.1) lib/sprockets/rails/quiet_assets.rb:13:in `call'
actionpack (5.1.5) lib/action_dispatch/middleware/remote_ip.rb:79:in `call'
actionpack (5.1.5) lib/action_dispatch/middleware/request_id.rb:25:in `call'
rack (2.0.4) lib/rack/method_override.rb:22:in `call'
rack (2.0.4) lib/rack/runtime.rb:22:in `call'
activesupport (5.1.5) lib/active_support/cache/strategy/local_cache_middleware.rb:27:in `call'
actionpack (5.1.5) lib/action_dispatch/middleware/executor.rb:12:in `call'
actionpack (5.1.5) lib/action_dispatch/middleware/static.rb:125:in `call'
rack (2.0.4) lib/rack/sendfile.rb:111:in `call'
railties (5.1.5) lib/rails/engine.rb:522:in `call'
puma (3.11.3) lib/puma/configuration.rb:225:in `call'
puma (3.11.3) lib/puma/server.rb:624:in `handle_request'
puma (3.11.3) lib/puma/server.rb:438:in `process_client'
puma (3.11.3) lib/puma/server.rb:302:in `block in run'
puma (3.11.3) lib/puma/thread_pool.rb:120:in `call'
puma (3.11.3) lib/puma/thread_pool.rb:120:in `block in spawn_thread'
Started GET "/user_mailer/welcom" for 127.0.0.1 at 2018-03-21 10:18:50 +0000
  
ActionController::RoutingError (No route matches [GET] "/user_mailer/welcom"):
  
actionpack (5.1.5) lib/action_dispatch/middleware/debug_exceptions.rb:63:in `call'
web-console (3.5.1) lib/web_console/middleware.rb:135:in `call_app'
web-console (3.5.1) lib/web_console/middleware.rb:28:in `block in call'
web-console (3.5.1) lib/web_console/middleware.rb:18:in `catch'
web-console (3.5.1) lib/web_console/middleware.rb:18:in `call'
actionpack (5.1.5) lib/action_dispatch/middleware/show_exceptions.rb:31:in `call'
railties (5.1.5) lib/rails/rack/logger.rb:36:in `call_app'
railties (5.1.5) lib/rails/rack/logger.rb:24:in `block in call'
activesupport (5.1.5) lib/active_support/tagged_logging.rb:69:in `block in tagged'
activesupport (5.1.5) lib/active_support/tagged_logging.rb:26:in `tagged'
activesupport (5.1.5) lib/active_support/tagged_logging.rb:69:in `tagged'
railties (5.1.5) lib/rails/rack/logger.rb:24:in `call'
sprockets-rails (3.2.1) lib/sprockets/rails/quiet_assets.rb:13:in `call'
actionpack (5.1.5) lib/action_dispatch/middleware/remote_ip.rb:79:in `call'
actionpack (5.1.5) lib/action_dispatch/middleware/request_id.rb:25:in `call'
rack (2.0.4) lib/rack/method_override.rb:22:in `call'
rack (2.0.4) lib/rack/runtime.rb:22:in `call'
activesupport (5.1.5) lib/active_support/cache/strategy/local_cache_middleware.rb:27:in `call'
actionpack (5.1.5) lib/action_dispatch/middleware/executor.rb:12:in `call'
actionpack (5.1.5) lib/action_dispatch/middleware/static.rb:125:in `call'
rack (2.0.4) lib/rack/sendfile.rb:111:in `call'
railties (5.1.5) lib/rails/engine.rb:522:in `call'
puma (3.11.3) lib/puma/configuration.rb:225:in `call'
puma (3.11.3) lib/puma/server.rb:624:in `handle_request'
puma (3.11.3) lib/puma/server.rb:438:in `process_client'
puma (3.11.3) lib/puma/server.rb:302:in `block in run'
puma (3.11.3) lib/puma/thread_pool.rb:120:in `call'
puma (3.11.3) lib/puma/thread_pool.rb:120:in `block in spawn_thread'
Started GET "/user_mailer/welcome" for 127.0.0.1 at 2018-03-21 10:18:52 +0000
  
ActionController::RoutingError (uninitialized constant UserMailerController):
  
activesupport (5.1.5) lib/active_support/inflector/methods.rb:269:in `const_get'
activesupport (5.1.5) lib/active_support/inflector/methods.rb:269:in `block in constantize'
activesupport (5.1.5) lib/active_support/inflector/methods.rb:267:in `each'
activesupport (5.1.5) lib/active_support/inflector/methods.rb:267:in `inject'
activesupport (5.1.5) lib/active_support/inflector/methods.rb:267:in `constantize'
actionpack (5.1.5) lib/action_dispatch/http/request.rb:85:in `controller_class_for'
actionpack (5.1.5) lib/action_dispatch/http/request.rb:78:in `controller_class'
actionpack (5.1.5) lib/action_dispatch/routing/route_set.rb:43:in `controller'
actionpack (5.1.5) lib/action_dispatch/routing/route_set.rb:29:in `serve'
actionpack (5.1.5) lib/action_dispatch/journey/router.rb:50:in `block in serve'
actionpack (5.1.5) lib/action_dispatch/journey/router.rb:33:in `each'
actionpack (5.1.5) lib/action_dispatch/journey/router.rb:33:in `serve'
actionpack (5.1.5) lib/action_dispatch/routing/route_set.rb:844:in `call'
rack (2.0.4) lib/rack/etag.rb:25:in `call'
rack (2.0.4) lib/rack/conditional_get.rb:25:in `call'
rack (2.0.4) lib/rack/head.rb:12:in `call'
rack (2.0.4) lib/rack/session/abstract/id.rb:232:in `context'
rack (2.0.4) lib/rack/session/abstract/id.rb:226:in `call'
actionpack (5.1.5) lib/action_dispatch/middleware/cookies.rb:613:in `call'
activerecord (5.1.5) lib/active_record/migration.rb:556:in `call'
actionpack (5.1.5) lib/action_dispatch/middleware/callbacks.rb:26:in `block in call'
activesupport (5.1.5) lib/active_support/callbacks.rb:97:in `run_callbacks'
actionpack (5.1.5) lib/action_dispatch/middleware/callbacks.rb:24:in `call'
actionpack (5.1.5) lib/action_dispatch/middleware/executor.rb:12:in `call'
actionpack (5.1.5) lib/action_dispatch/middleware/debug_exceptions.rb:59:in `call'
web-console (3.5.1) lib/web_console/middleware.rb:135:in `call_app'
web-console (3.5.1) lib/web_console/middleware.rb:28:in `block in call'
web-console (3.5.1) lib/web_console/middleware.rb:18:in `catch'
web-console (3.5.1) lib/web_console/middleware.rb:18:in `call'
actionpack (5.1.5) lib/action_dispatch/middleware/show_exceptions.rb:31:in `call'
railties (5.1.5) lib/rails/rack/logger.rb:36:in `call_app'
railties (5.1.5) lib/rails/rack/logger.rb:24:in `block in call'
activesupport (5.1.5) lib/active_support/tagged_logging.rb:69:in `block in tagged'
activesupport (5.1.5) lib/active_support/tagged_logging.rb:26:in `tagged'
activesupport (5.1.5) lib/active_support/tagged_logging.rb:69:in `tagged'
railties (5.1.5) lib/rails/rack/logger.rb:24:in `call'
sprockets-rails (3.2.1) lib/sprockets/rails/quiet_assets.rb:13:in `call'
actionpack (5.1.5) lib/action_dispatch/middleware/remote_ip.rb:79:in `call'
actionpack (5.1.5) lib/action_dispatch/middleware/request_id.rb:25:in `call'
rack (2.0.4) lib/rack/method_override.rb:22:in `call'
rack (2.0.4) lib/rack/runtime.rb:22:in `call'
activesupport (5.1.5) lib/active_support/cache/strategy/local_cache_middleware.rb:27:in `call'
actionpack (5.1.5) lib/action_dispatch/middleware/executor.rb:12:in `call'
actionpack (5.1.5) lib/action_dispatch/middleware/static.rb:125:in `call'
rack (2.0.4) lib/rack/sendfile.rb:111:in `call'
railties (5.1.5) lib/rails/engine.rb:522:in `call'
puma (3.11.3) lib/puma/configuration.rb:225:in `call'
puma (3.11.3) lib/puma/server.rb:624:in `handle_request'
puma (3.11.3) lib/puma/server.rb:438:in `process_client'
puma (3.11.3) lib/puma/server.rb:302:in `block in run'
puma (3.11.3) lib/puma/thread_pool.rb:120:in `call'
puma (3.11.3) lib/puma/thread_pool.rb:120:in `block in spawn_thread'
Started GET "/user_mailer/welcome" for 127.0.0.1 at 2018-03-21 10:57:24 +0000
  
SyntaxError (/home/robson/form/app/controllers/user_mailer_controller.rb:8: syntax error, unexpected tIDENTIFIER, expecting ')'
        subject:  'Welcome to my test mailer'
               ^
/home/robson/form/app/controllers/user_mailer_controller.rb:9: syntax error, unexpected ':', expecting keyword_end
        template_path:  { render 'another_template' }
                      ^
/home/robson/form/app/controllers/user_mailer_controller.rb:9: syntax error, unexpected '}', expecting keyword_end
/home/robson/form/app/controllers/user_mailer_controller.rb:10: syntax error, unexpected '}', expecting keyword_end):
  
app/controllers/user_mailer_controller.rb:8: syntax error, unexpected tIDENTIFIER, expecting ')'
app/controllers/user_mailer_controller.rb:9: syntax error, unexpected ':', expecting keyword_end
app/controllers/user_mailer_controller.rb:9: syntax error, unexpected '}', expecting keyword_end
app/controllers/user_mailer_controller.rb:10: syntax error, unexpected '}', expecting keyword_end
Started GET "/user_mailer/welcome" for 127.0.0.1 at 2018-03-21 10:57:29 +0000
  
SyntaxError (/home/robson/form/app/controllers/user_mailer_controller.rb:8: syntax error, unexpected tIDENTIFIER, expecting ')'
        subject:  'Welcome to my test mailer'
               ^
/home/robson/form/app/controllers/user_mailer_controller.rb:9: syntax error, unexpected ':', expecting keyword_end
        template_path:  { render 'another_template' }
                      ^
/home/robson/form/app/controllers/user_mailer_controller.rb:9: syntax error, unexpected '}', expecting keyword_end
/home/robson/form/app/controllers/user_mailer_controller.rb:10: syntax error, unexpected '}', expecting keyword_end):
  
app/controllers/user_mailer_controller.rb:8: syntax error, unexpected tIDENTIFIER, expecting ')'
app/controllers/user_mailer_controller.rb:9: syntax error, unexpected ':', expecting keyword_end
app/controllers/user_mailer_controller.rb:9: syntax error, unexpected '}', expecting keyword_end
app/controllers/user_mailer_controller.rb:10: syntax error, unexpected '}', expecting keyword_end
Started GET "/user_mailer/welcome" for 127.0.0.1 at 2018-03-21 10:59:49 +0000
  
SyntaxError (/home/robson/form/app/controllers/user_mailer_controller.rb:8: syntax error, unexpected tIDENTIFIER, expecting ')'
        subject:  'Welcome to my test mailer'
               ^
/home/robson/form/app/controllers/user_mailer_controller.rb:9: syntax error, unexpected ':', expecting keyword_end
        template_path:  { render 'another_template' }
                      ^
/home/robson/form/app/controllers/user_mailer_controller.rb:9: syntax error, unexpected '}', expecting keyword_end
/home/robson/form/app/controllers/user_mailer_controller.rb:10: syntax error, unexpected '}', expecting keyword_end):
  
app/controllers/user_mailer_controller.rb:8: syntax error, unexpected tIDENTIFIER, expecting ')'
app/controllers/user_mailer_controller.rb:9: syntax error, unexpected ':', expecting keyword_end
app/controllers/user_mailer_controller.rb:9: syntax error, unexpected '}', expecting keyword_end
app/controllers/user_mailer_controller.rb:10: syntax error, unexpected '}', expecting keyword_end
Started GET "/user_mailer/welcome" for 127.0.0.1 at 2018-03-21 11:00:51 +0000
  
SyntaxError (/home/robson/form/app/controllers/user_mailer_controller.rb:8: syntax error, unexpected tIDENTIFIER, expecting ')'
        subject:  'Welcome to my test mailer' do |format|
               ^
/home/robson/form/app/controllers/user_mailer_controller.rb:8: syntax error, unexpected keyword_do, expecting keyword_end
        subject:  'Welcome to my test mailer' do |format|
                                                ^
/home/robson/form/app/controllers/user_mailer_controller.rb:13: syntax error, unexpected keyword_end, expecting end-of-input):
  
app/controllers/user_mailer_controller.rb:8: syntax error, unexpected tIDENTIFIER, expecting ')'
app/controllers/user_mailer_controller.rb:8: syntax error, unexpected keyword_do, expecting keyword_end
app/controllers/user_mailer_controller.rb:13: syntax error, unexpected keyword_end, expecting end-of-input
Started GET "/user_mailer/welcome" for 127.0.0.1 at 2018-03-21 11:01:21 +0000
  
SyntaxError (/home/robson/form/app/controllers/user_mailer_controller.rb:8: syntax error, unexpected tIDENTIFIER, expecting ')'
        subject:  'Welcome to my test mailer' do |format|
               ^
/home/robson/form/app/controllers/user_mailer_controller.rb:8: syntax error, unexpected keyword_do, expecting keyword_end
        subject:  'Welcome to my test mailer' do |format|
                                                ^
/home/robson/form/app/controllers/user_mailer_controller.rb:11: syntax error, unexpected ')', expecting keyword_end):
  
app/controllers/user_mailer_controller.rb:8: syntax error, unexpected tIDENTIFIER, expecting ')'
app/controllers/user_mailer_controller.rb:8: syntax error, unexpected keyword_do, expecting keyword_end
app/controllers/user_mailer_controller.rb:11: syntax error, unexpected ')', expecting keyword_end
Started GET "/user_mailer/welcome" for 127.0.0.1 at 2018-03-21 11:01:29 +0000
  
SyntaxError (/home/robson/form/app/controllers/user_mailer_controller.rb:8: syntax error, unexpected tIDENTIFIER, expecting ')'
        subject:  'Welcome to my test mailer' do |format|
               ^
/home/robson/form/app/controllers/user_mailer_controller.rb:8: syntax error, unexpected keyword_do, expecting keyword_end
        subject:  'Welcome to my test mailer' do |format|
                                                ^
/home/robson/form/app/controllers/user_mailer_controller.rb:13: syntax error, unexpected keyword_end, expecting end-of-input):
  
app/controllers/user_mailer_controller.rb:8: syntax error, unexpected tIDENTIFIER, expecting ')'
app/controllers/user_mailer_controller.rb:8: syntax error, unexpected keyword_do, expecting keyword_end
app/controllers/user_mailer_controller.rb:13: syntax error, unexpected keyword_end, expecting end-of-input
Started GET "/user_mailer/welcome" for 127.0.0.1 at 2018-03-21 11:02:14 +0000
  
SyntaxError (/home/robson/form/app/controllers/user_mailer_controller.rb:8: syntax error, unexpected keyword_do, expecting ')'
          subject:  'Welcome to my test mailer' do |format|
                                                  ^
/home/robson/form/app/controllers/user_mailer_controller.rb:13: syntax error, unexpected keyword_end, expecting end-of-input):
  
app/controllers/user_mailer_controller.rb:8: syntax error, unexpected keyword_do, expecting ')'
app/controllers/user_mailer_controller.rb:13: syntax error, unexpected keyword_end, expecting end-of-input
Started GET "/user_mailer/welcome" for 127.0.0.1 at 2018-03-21 11:06:07 +0000
  
SyntaxError (/home/robson/form/app/controllers/user_mailer_controller.rb:8: syntax error, unexpected keyword_do, expecting ')'
          subject:  'Welcome to my test mailer' do |format|
                                                  ^):
  
app/controllers/user_mailer_controller.rb:8: syntax error, unexpected keyword_do, expecting ')'
Started GET "/user_mailer/welcome" for 127.0.0.1 at 2018-03-21 11:14:09 +0000
  
SyntaxError (/home/robson/form/app/controllers/user_mailer_controller.rb:8: syntax error, unexpected keyword_do, expecting ')'
          subject:  'Welcome to my test mailer' do |format|
                                                  ^):
  
app/controllers/user_mailer_controller.rb:8: syntax error, unexpected keyword_do, expecting ')'
Started GET "/user_mailer/welcome" for 127.0.0.1 at 2018-03-21 11:16:38 +0000
  
LoadError (Unable to autoload constant UserMailerController, expected /home/robson/form/app/controllers/user_mailer_controller.rb to define it):
  
activesupport (5.1.5) lib/active_support/dependencies.rb:512:in `load_missing_constant'
activesupport (5.1.5) lib/active_support/dependencies.rb:202:in `const_missing'
activesupport (5.1.5) lib/active_support/inflector/methods.rb:269:in `const_get'
activesupport (5.1.5) lib/active_support/inflector/methods.rb:269:in `block in constantize'
activesupport (5.1.5) lib/active_support/inflector/methods.rb:267:in `each'
activesupport (5.1.5) lib/active_support/inflector/methods.rb:267:in `inject'
activesupport (5.1.5) lib/active_support/inflector/methods.rb:267:in `constantize'
activesupport (5.1.5) lib/active_support/dependencies.rb:583:in `get'
activesupport (5.1.5) lib/active_support/dependencies.rb:614:in `constantize'
actionpack (5.1.5) lib/action_dispatch/http/request.rb:85:in `controller_class_for'
actionpack (5.1.5) lib/action_dispatch/http/parameters.rb:99:in `binary_params_for?'
actionpack (5.1.5) lib/action_dispatch/http/parameters.rb:90:in `set_binary_encoding'
actionpack (5.1.5) lib/action_dispatch/http/parameters.rb:67:in `path_parameters='
actionpack (5.1.5) lib/action_dispatch/journey/router.rb:48:in `block in serve'
actionpack (5.1.5) lib/action_dispatch/journey/router.rb:33:in `each'
actionpack (5.1.5) lib/action_dispatch/journey/router.rb:33:in `serve'
actionpack (5.1.5) lib/action_dispatch/routing/route_set.rb:844:in `call'
rack (2.0.4) lib/rack/etag.rb:25:in `call'
rack (2.0.4) lib/rack/conditional_get.rb:25:in `call'
rack (2.0.4) lib/rack/head.rb:12:in `call'
rack (2.0.4) lib/rack/session/abstract/id.rb:232:in `context'
rack (2.0.4) lib/rack/session/abstract/id.rb:226:in `call'
actionpack (5.1.5) lib/action_dispatch/middleware/cookies.rb:613:in `call'
activerecord (5.1.5) lib/active_record/migration.rb:556:in `call'
actionpack (5.1.5) lib/action_dispatch/middleware/callbacks.rb:26:in `block in call'
activesupport (5.1.5) lib/active_support/callbacks.rb:97:in `run_callbacks'
actionpack (5.1.5) lib/action_dispatch/middleware/callbacks.rb:24:in `call'
actionpack (5.1.5) lib/action_dispatch/middleware/executor.rb:12:in `call'
actionpack (5.1.5) lib/action_dispatch/middleware/debug_exceptions.rb:59:in `call'
web-console (3.5.1) lib/web_console/middleware.rb:135:in `call_app'
web-console (3.5.1) lib/web_console/middleware.rb:28:in `block in call'
web-console (3.5.1) lib/web_console/middleware.rb:18:in `catch'
web-console (3.5.1) lib/web_console/middleware.rb:18:in `call'
actionpack (5.1.5) lib/action_dispatch/middleware/show_exceptions.rb:31:in `call'
railties (5.1.5) lib/rails/rack/logger.rb:36:in `call_app'
railties (5.1.5) lib/rails/rack/logger.rb:24:in `block in call'
activesupport (5.1.5) lib/active_support/tagged_logging.rb:69:in `block in tagged'
activesupport (5.1.5) lib/active_support/tagged_logging.rb:26:in `tagged'
activesupport (5.1.5) lib/active_support/tagged_logging.rb:69:in `tagged'
railties (5.1.5) lib/rails/rack/logger.rb:24:in `call'
sprockets-rails (3.2.1) lib/sprockets/rails/quiet_assets.rb:13:in `call'
actionpack (5.1.5) lib/action_dispatch/middleware/remote_ip.rb:79:in `call'
actionpack (5.1.5) lib/action_dispatch/middleware/request_id.rb:25:in `call'
rack (2.0.4) lib/rack/method_override.rb:22:in `call'
rack (2.0.4) lib/rack/runtime.rb:22:in `call'
activesupport (5.1.5) lib/active_support/cache/strategy/local_cache_middleware.rb:27:in `call'
actionpack (5.1.5) lib/action_dispatch/middleware/executor.rb:12:in `call'
actionpack (5.1.5) lib/action_dispatch/middleware/static.rb:125:in `call'
rack (2.0.4) lib/rack/sendfile.rb:111:in `call'
railties (5.1.5) lib/rails/engine.rb:522:in `call'
puma (3.11.3) lib/puma/configuration.rb:225:in `call'
puma (3.11.3) lib/puma/server.rb:624:in `handle_request'
puma (3.11.3) lib/puma/server.rb:438:in `process_client'
puma (3.11.3) lib/puma/server.rb:302:in `block in run'
puma (3.11.3) lib/puma/thread_pool.rb:120:in `call'
puma (3.11.3) lib/puma/thread_pool.rb:120:in `block in spawn_thread'
Started GET "/user_mailer/welcome" for 127.0.0.1 at 2018-03-21 11:18:20 +0000
  
ActionController::RoutingError (uninitialized constant UserMailerController):
  
activesupport (5.1.5) lib/active_support/inflector/methods.rb:269:in `const_get'
activesupport (5.1.5) lib/active_support/inflector/methods.rb:269:in `block in constantize'
activesupport (5.1.5) lib/active_support/inflector/methods.rb:267:in `each'
activesupport (5.1.5) lib/active_support/inflector/methods.rb:267:in `inject'
activesupport (5.1.5) lib/active_support/inflector/methods.rb:267:in `constantize'
actionpack (5.1.5) lib/action_dispatch/http/request.rb:85:in `controller_class_for'
actionpack (5.1.5) lib/action_dispatch/http/request.rb:78:in `controller_class'
actionpack (5.1.5) lib/action_dispatch/routing/route_set.rb:43:in `controller'
actionpack (5.1.5) lib/action_dispatch/routing/route_set.rb:29:in `serve'
actionpack (5.1.5) lib/action_dispatch/journey/router.rb:50:in `block in serve'
actionpack (5.1.5) lib/action_dispatch/journey/router.rb:33:in `each'
actionpack (5.1.5) lib/action_dispatch/journey/router.rb:33:in `serve'
actionpack (5.1.5) lib/action_dispatch/routing/route_set.rb:844:in `call'
rack (2.0.4) lib/rack/etag.rb:25:in `call'
rack (2.0.4) lib/rack/conditional_get.rb:25:in `call'
rack (2.0.4) lib/rack/head.rb:12:in `call'
rack (2.0.4) lib/rack/session/abstract/id.rb:232:in `context'
rack (2.0.4) lib/rack/session/abstract/id.rb:226:in `call'
actionpack (5.1.5) lib/action_dispatch/middleware/cookies.rb:613:in `call'
activerecord (5.1.5) lib/active_record/migration.rb:556:in `call'
actionpack (5.1.5) lib/action_dispatch/middleware/callbacks.rb:26:in `block in call'
activesupport (5.1.5) lib/active_support/callbacks.rb:97:in `run_callbacks'
actionpack (5.1.5) lib/action_dispatch/middleware/callbacks.rb:24:in `call'
actionpack (5.1.5) lib/action_dispatch/middleware/executor.rb:12:in `call'
actionpack (5.1.5) lib/action_dispatch/middleware/debug_exceptions.rb:59:in `call'
web-console (3.5.1) lib/web_console/middleware.rb:135:in `call_app'
web-console (3.5.1) lib/web_console/middleware.rb:28:in `block in call'
web-console (3.5.1) lib/web_console/middleware.rb:18:in `catch'
web-console (3.5.1) lib/web_console/middleware.rb:18:in `call'
actionpack (5.1.5) lib/action_dispatch/middleware/show_exceptions.rb:31:in `call'
railties (5.1.5) lib/rails/rack/logger.rb:36:in `call_app'
railties (5.1.5) lib/rails/rack/logger.rb:24:in `block in call'
activesupport (5.1.5) lib/active_support/tagged_logging.rb:69:in `block in tagged'
activesupport (5.1.5) lib/active_support/tagged_logging.rb:26:in `tagged'
activesupport (5.1.5) lib/active_support/tagged_logging.rb:69:in `tagged'
railties (5.1.5) lib/rails/rack/logger.rb:24:in `call'
sprockets-rails (3.2.1) lib/sprockets/rails/quiet_assets.rb:13:in `call'
actionpack (5.1.5) lib/action_dispatch/middleware/remote_ip.rb:79:in `call'
actionpack (5.1.5) lib/action_dispatch/middleware/request_id.rb:25:in `call'
rack (2.0.4) lib/rack/method_override.rb:22:in `call'
rack (2.0.4) lib/rack/runtime.rb:22:in `call'
activesupport (5.1.5) lib/active_support/cache/strategy/local_cache_middleware.rb:27:in `call'
actionpack (5.1.5) lib/action_dispatch/middleware/executor.rb:12:in `call'
actionpack (5.1.5) lib/action_dispatch/middleware/static.rb:125:in `call'
rack (2.0.4) lib/rack/sendfile.rb:111:in `call'
railties (5.1.5) lib/rails/engine.rb:522:in `call'
puma (3.11.3) lib/puma/configuration.rb:225:in `call'
puma (3.11.3) lib/puma/server.rb:624:in `handle_request'
puma (3.11.3) lib/puma/server.rb:438:in `process_client'
puma (3.11.3) lib/puma/server.rb:302:in `block in run'
puma (3.11.3) lib/puma/thread_pool.rb:120:in `call'
puma (3.11.3) lib/puma/thread_pool.rb:120:in `block in spawn_thread'
Started GET "/user_mailer/welcome" for 127.0.0.1 at 2018-03-21 11:18:40 +0000
  
ActionController::RoutingError (No route matches [GET] "/user_mailer/welcome"):
  
actionpack (5.1.5) lib/action_dispatch/middleware/debug_exceptions.rb:63:in `call'
web-console (3.5.1) lib/web_console/middleware.rb:135:in `call_app'
web-console (3.5.1) lib/web_console/middleware.rb:28:in `block in call'
web-console (3.5.1) lib/web_console/middleware.rb:18:in `catch'
web-console (3.5.1) lib/web_console/middleware.rb:18:in `call'
actionpack (5.1.5) lib/action_dispatch/middleware/show_exceptions.rb:31:in `call'
railties (5.1.5) lib/rails/rack/logger.rb:36:in `call_app'
railties (5.1.5) lib/rails/rack/logger.rb:24:in `block in call'
activesupport (5.1.5) lib/active_support/tagged_logging.rb:69:in `block in tagged'
activesupport (5.1.5) lib/active_support/tagged_logging.rb:26:in `tagged'
activesupport (5.1.5) lib/active_support/tagged_logging.rb:69:in `tagged'
railties (5.1.5) lib/rails/rack/logger.rb:24:in `call'
sprockets-rails (3.2.1) lib/sprockets/rails/quiet_assets.rb:13:in `call'
actionpack (5.1.5) lib/action_dispatch/middleware/remote_ip.rb:79:in `call'
actionpack (5.1.5) lib/action_dispatch/middleware/request_id.rb:25:in `call'
rack (2.0.4) lib/rack/method_override.rb:22:in `call'
rack (2.0.4) lib/rack/runtime.rb:22:in `call'
activesupport (5.1.5) lib/active_support/cache/strategy/local_cache_middleware.rb:27:in `call'
actionpack (5.1.5) lib/action_dispatch/middleware/executor.rb:12:in `call'
actionpack (5.1.5) lib/action_dispatch/middleware/static.rb:125:in `call'
rack (2.0.4) lib/rack/sendfile.rb:111:in `call'
railties (5.1.5) lib/rails/engine.rb:522:in `call'
puma (3.11.3) lib/puma/configuration.rb:225:in `call'
puma (3.11.3) lib/puma/server.rb:624:in `handle_request'
puma (3.11.3) lib/puma/server.rb:438:in `process_client'
puma (3.11.3) lib/puma/server.rb:302:in `block in run'
puma (3.11.3) lib/puma/thread_pool.rb:120:in `call'
puma (3.11.3) lib/puma/thread_pool.rb:120:in `block in spawn_thread'
Started GET "/users/welcome" for 127.0.0.1 at 2018-03-21 11:19:18 +0000
Processing by UsersController#show as HTML
  Parameters: {"id"=>"welcome"}
  [1m[36mUser Load (0.1ms)[0m  [1m[34mSELECT  "users".* FROM "users" WHERE "users"."id" = ? LIMIT ?[0m  [["id", 0], ["LIMIT", 1]]
Completed 404 Not Found in 7ms (ActiveRecord: 0.6ms)


  
ActiveRecord::RecordNotFound (Couldn't find User with 'id'=welcome):
  
app/controllers/users_controller.rb:70:in `set_user'
Started GET "/users/welcome" for 127.0.0.1 at 2018-03-21 11:27:11 +0000
Processing by UsersController#show as HTML
  Parameters: {"id"=>"welcome"}
  [1m[36mUser Load (0.1ms)[0m  [1m[34mSELECT  "users".* FROM "users" WHERE "users"."id" = ? LIMIT ?[0m  [["id", 0], ["LIMIT", 1]]
Completed 404 Not Found in 3ms (ActiveRecord: 0.6ms)


  
ActiveRecord::RecordNotFound (Couldn't find User with 'id'=welcome):
  
app/controllers/users_controller.rb:70:in `set_user'
Started GET "/users/welcome" for 127.0.0.1 at 2018-03-21 11:27:13 +0000
Processing by UsersController#show as HTML
  Parameters: {"id"=>"welcome"}
  [1m[36mUser Load (0.1ms)[0m  [1m[34mSELECT  "users".* FROM "users" WHERE "users"."id" = ? LIMIT ?[0m  [["id", 0], ["LIMIT", 1]]
Completed 404 Not Found in 1ms (ActiveRecord: 0.1ms)


  
ActiveRecord::RecordNotFound (Couldn't find User with 'id'=welcome):
  
app/controllers/users_controller.rb:70:in `set_user'
Started GET "/users/welcome" for 127.0.0.1 at 2018-03-21 11:29:37 +0000
  
SyntaxError (/home/robson/form/app/controllers/users_controller.rb:78: syntax error, unexpected keyword_end, expecting end-of-input):
  
app/controllers/users_controller.rb:78: syntax error, unexpected keyword_end, expecting end-of-input
Started GET "/users/welcome" for 127.0.0.1 at 2018-03-21 11:30:02 +0000
Processing by UsersController#show as HTML
  Parameters: {"id"=>"welcome"}
  [1m[36mUser Load (0.1ms)[0m  [1m[34mSELECT  "users".* FROM "users" WHERE "users"."id" = ? LIMIT ?[0m  [["id", 0], ["LIMIT", 1]]
Completed 404 Not Found in 4ms (ActiveRecord: 0.6ms)


  
ActiveRecord::RecordNotFound (Couldn't find User with 'id'=welcome):
  
app/controllers/users_controller.rb:70:in `set_user'
Started GET "/users/welcome" for 127.0.0.1 at 2018-03-21 11:30:56 +0000
Processing by UsersController#show as HTML
  Parameters: {"id"=>"welcome"}
  [1m[36mUser Load (0.1ms)[0m  [1m[34mSELECT  "users".* FROM "users" WHERE "users"."id" = ? LIMIT ?[0m  [["id", nil], ["LIMIT", 1]]
Completed 404 Not Found in 3ms (ActiveRecord: 0.5ms)


  
ActiveRecord::RecordNotFound (Couldn't find User with 'id'=):
  
app/controllers/users_controller.rb:70:in `set_user'
Started GET "/users/welcome" for 127.0.0.1 at 2018-03-21 11:31:03 +0000
Processing by UsersController#show as HTML
  Parameters: {"id"=>"welcome"}
  [1m[36mUser Load (0.1ms)[0m  [1m[34mSELECT  "users".* FROM "users" WHERE "users"."id" = ? LIMIT ?[0m  [["id", 0], ["LIMIT", 1]]
Completed 404 Not Found in 3ms (ActiveRecord: 0.5ms)


  
ActiveRecord::RecordNotFound (Couldn't find User with 'id'=welcome):
  
app/controllers/users_controller.rb:70:in `set_user'
Started GET "/user_mailer/welcome.html" for 127.0.0.1 at 2018-03-21 11:39:34 +0000
  
ActionController::RoutingError (No route matches [GET] "/user_mailer/welcome.html"):
  
actionpack (5.1.5) lib/action_dispatch/middleware/debug_exceptions.rb:63:in `call'
web-console (3.5.1) lib/web_console/middleware.rb:135:in `call_app'
web-console (3.5.1) lib/web_console/middleware.rb:28:in `block in call'
web-console (3.5.1) lib/web_console/middleware.rb:18:in `catch'
web-console (3.5.1) lib/web_console/middleware.rb:18:in `call'
actionpack (5.1.5) lib/action_dispatch/middleware/show_exceptions.rb:31:in `call'
railties (5.1.5) lib/rails/rack/logger.rb:36:in `call_app'
railties (5.1.5) lib/rails/rack/logger.rb:24:in `block in call'
activesupport (5.1.5) lib/active_support/tagged_logging.rb:69:in `block in tagged'
activesupport (5.1.5) lib/active_support/tagged_logging.rb:26:in `tagged'
activesupport (5.1.5) lib/active_support/tagged_logging.rb:69:in `tagged'
railties (5.1.5) lib/rails/rack/logger.rb:24:in `call'
sprockets-rails (3.2.1) lib/sprockets/rails/quiet_assets.rb:13:in `call'
actionpack (5.1.5) lib/action_dispatch/middleware/remote_ip.rb:79:in `call'
actionpack (5.1.5) lib/action_dispatch/middleware/request_id.rb:25:in `call'
rack (2.0.4) lib/rack/method_override.rb:22:in `call'
rack (2.0.4) lib/rack/runtime.rb:22:in `call'
activesupport (5.1.5) lib/active_support/cache/strategy/local_cache_middleware.rb:27:in `call'
actionpack (5.1.5) lib/action_dispatch/middleware/executor.rb:12:in `call'
actionpack (5.1.5) lib/action_dispatch/middleware/static.rb:125:in `call'
rack (2.0.4) lib/rack/sendfile.rb:111:in `call'
railties (5.1.5) lib/rails/engine.rb:522:in `call'
puma (3.11.3) lib/puma/configuration.rb:225:in `call'
puma (3.11.3) lib/puma/server.rb:624:in `handle_request'
puma (3.11.3) lib/puma/server.rb:438:in `process_client'
puma (3.11.3) lib/puma/server.rb:302:in `block in run'
puma (3.11.3) lib/puma/thread_pool.rb:120:in `call'
puma (3.11.3) lib/puma/thread_pool.rb:120:in `block in spawn_thread'
Started GET "/users/welcome.html" for 127.0.0.1 at 2018-03-21 11:39:57 +0000
Processing by UsersController#show as HTML
  Parameters: {"id"=>"welcome"}
  [1m[36mUser Load (0.1ms)[0m  [1m[34mSELECT  "users".* FROM "users" WHERE "users"."id" = ? LIMIT ?[0m  [["id", 0], ["LIMIT", 1]]
Completed 404 Not Found in 3ms (ActiveRecord: 0.6ms)


  
ActiveRecord::RecordNotFound (Couldn't find User with 'id'=welcome):
  
app/controllers/users_controller.rb:70:in `set_user'
Started GET "/users/welcome.html" for 127.0.0.1 at 2018-03-21 11:41:08 +0000
Processing by UsersController#show as HTML
  Parameters: {"id"=>"welcome"}
  Rendering users/show.html.erb within layouts/application
  Rendered users/show.html.erb within layouts/application (0.8ms)
Completed 500 Internal Server Error in 2ms


  
ActionView::Template::Error (undefined method `name' for nil:NilClass):
    2: 
    3: <p>
    4:   <strong>Name:</strong>
    5:   <%= @user.name %>
    6: </p>
    7: 
    8: <p>
  
app/views/users/show.html.erb:5:in `_app_views_users_show_html_erb__3304505982315837180_48735220'
Started GET "/users/welcome.html" for 127.0.0.1 at 2018-03-21 11:42:54 +0000
Processing by UsersController#show as HTML
  Parameters: {"id"=>"welcome"}
  [1m[36mUser Load (0.1ms)[0m  [1m[34mSELECT  "users".* FROM "users" WHERE "users"."id" = ? LIMIT ?[0m  [["id", 0], ["LIMIT", 1]]
Completed 404 Not Found in 3ms (ActiveRecord: 0.6ms)


  
ActiveRecord::RecordNotFound (Couldn't find User with 'id'=welcome):
  
app/controllers/users_controller.rb:70:in `set_user'
Started GET "/users/welcome.html" for 127.0.0.1 at 2018-03-21 11:51:52 +0000
  [1m[35m (0.1ms)[0m  [1m[34mSELECT "schema_migrations"."version" FROM "schema_migrations" ORDER BY "schema_migrations"."version" ASC[0m
  
SyntaxError (/home/robson/form/app/controllers/users_controller.rb:78: syntax error, unexpected keyword_end, expecting end-of-input):
  
app/controllers/users_controller.rb:78: syntax error, unexpected keyword_end, expecting end-of-input
Started GET "/users/welcome.html" for 127.0.0.1 at 2018-03-21 11:54:34 +0000
  
SyntaxError (/home/robson/form/app/controllers/users_controller.rb:76: syntax error, unexpected keyword_end, expecting end-of-input):
  
app/controllers/users_controller.rb:76: syntax error, unexpected keyword_end, expecting end-of-input
Started GET "/users/welcome.html" for 127.0.0.1 at 2018-03-21 11:54:45 +0000
  
SyntaxError (/home/robson/form/app/controllers/users_controller.rb:76: syntax error, unexpected keyword_end, expecting end-of-input):
  
app/controllers/users_controller.rb:76: syntax error, unexpected keyword_end, expecting end-of-input
Started GET "/users/welcome.html" for 127.0.0.1 at 2018-03-21 11:55:23 +0000
  
SyntaxError (/home/robson/form/app/controllers/users_controller.rb:76: syntax error, unexpected keyword_end, expecting end-of-input):
  
app/controllers/users_controller.rb:76: syntax error, unexpected keyword_end, expecting end-of-input
Started GET "/users/welcome.html" for 127.0.0.1 at 2018-03-21 11:55:24 +0000
  
SyntaxError (/home/robson/form/app/controllers/users_controller.rb:76: syntax error, unexpected keyword_end, expecting end-of-input):
  
app/controllers/users_controller.rb:76: syntax error, unexpected keyword_end, expecting end-of-input
Started GET "/users/welcome.html" for 127.0.0.1 at 2018-03-21 11:56:01 +0000
Processing by UsersController#show as HTML
  Parameters: {"id"=>"welcome"}
  Rendering users/show.html.erb within layouts/application
  Rendered users/show.html.erb within layouts/application (0.8ms)
Completed 500 Internal Server Error in 2ms


  
ActionView::Template::Error (undefined method `name' for nil:NilClass):
    2: 
    3: <p>
    4:   <strong>Name:</strong>
    5:   <%= @user.name %>
    6: </p>
    7: 
    8: <p>
  
app/views/users/show.html.erb:5:in `_app_views_users_show_html_erb__4117592024215911641_33522920'
Started GET "/users/welcome.html" for 127.0.0.1 at 2018-03-21 11:56:17 +0000
  
SyntaxError (/home/robson/form/app/controllers/users_controller.rb:76: syntax error, unexpected keyword_end, expecting end-of-input):
  
app/controllers/users_controller.rb:76: syntax error, unexpected keyword_end, expecting end-of-input
Started GET "/users/welcome.html" for 127.0.0.1 at 2018-03-21 11:57:07 +0000
  
SyntaxError (/home/robson/form/app/controllers/users_controller.rb:76: syntax error, unexpected keyword_end, expecting end-of-input):
  
app/controllers/users_controller.rb:76: syntax error, unexpected keyword_end, expecting end-of-input
Started GET "/users/welcome.html" for 127.0.0.1 at 2018-03-21 11:57:14 +0000
  
SyntaxError (/home/robson/form/app/controllers/users_controller.rb:76: syntax error, unexpected keyword_end, expecting end-of-input):
  
app/controllers/users_controller.rb:76: syntax error, unexpected keyword_end, expecting end-of-input
Started GET "/users/welcome.html" for 127.0.0.1 at 2018-03-21 11:58:12 +0000
  
SyntaxError (/home/robson/form/app/controllers/users_controller.rb:76: syntax error, unexpected keyword_end, expecting end-of-input):
  
app/controllers/users_controller.rb:76: syntax error, unexpected keyword_end, expecting end-of-input
Started GET "/users/welcome.html" for 127.0.0.1 at 2018-03-21 11:58:20 +0000
  
SyntaxError (/home/robson/form/app/controllers/users_controller.rb:76: syntax error, unexpected keyword_end, expecting end-of-input):
  
app/controllers/users_controller.rb:76: syntax error, unexpected keyword_end, expecting end-of-input
Started GET "/users/welcome.html" for 127.0.0.1 at 2018-03-21 11:58:22 +0000
  
SyntaxError (/home/robson/form/app/controllers/users_controller.rb:76: syntax error, unexpected keyword_end, expecting end-of-input):
  
app/controllers/users_controller.rb:76: syntax error, unexpected keyword_end, expecting end-of-input
Started GET "/users/welcome.html" for 127.0.0.1 at 2018-03-21 11:58:47 +0000
  
SyntaxError (/home/robson/form/app/controllers/users_controller.rb:76: syntax error, unexpected keyword_end, expecting end-of-input):
  
app/controllers/users_controller.rb:76: syntax error, unexpected keyword_end, expecting end-of-input
Started GET "/users/welcome.html" for 127.0.0.1 at 2018-03-21 11:59:43 +0000
  
SyntaxError (/home/robson/form/app/controllers/users_controller.rb:76: syntax error, unexpected keyword_end, expecting end-of-input):
  
app/controllers/users_controller.rb:76: syntax error, unexpected keyword_end, expecting end-of-input
Started GET "/users/welcome.html" for 127.0.0.1 at 2018-03-21 12:08:35 +0000
Processing by UsersController#show as HTML
  Parameters: {"id"=>"welcome"}
  Rendering users/show.html.erb within layouts/application
  Rendered users/show.html.erb within layouts/application (0.7ms)
Completed 500 Internal Server Error in 2ms


  
ActionView::Template::Error (undefined method `name' for nil:NilClass):
    2: 
    3: <p>
    4:   <strong>Name:</strong>
    5:   <%= @user.name %>
    6: </p>
    7: 
    8: <p>
  
app/views/users/show.html.erb:5:in `_app_views_users_show_html_erb__4117592024215911641_44663080'
Started GET "/users/welcome.html" for 127.0.0.1 at 2018-03-21 12:12:48 +0000
Processing by UsersController#show as HTML
  Parameters: {"id"=>"welcome"}
  [1m[36mUser Load (0.1ms)[0m  [1m[34mSELECT  "users".* FROM "users" WHERE "users"."id" = ? LIMIT ?[0m  [["id", 0], ["LIMIT", 1]]
Completed 404 Not Found in 4ms (ActiveRecord: 0.5ms)


  
ActiveRecord::RecordNotFound (Couldn't find User with 'id'=welcome):
  
app/controllers/users_controller.rb:11:in `show'
Started GET "/users/1" for 127.0.0.1 at 2018-03-21 12:13:20 +0000
Processing by UsersController#show as HTML
  Parameters: {"id"=>"1"}
  [1m[36mUser Load (0.1ms)[0m  [1m[34mSELECT  "users".* FROM "users" WHERE "users"."id" = ? LIMIT ?[0m  [["id", 1], ["LIMIT", 1]]
Completed 404 Not Found in 1ms (ActiveRecord: 0.1ms)


  
ActiveRecord::RecordNotFound (Couldn't find User with 'id'=1):
  
app/controllers/users_controller.rb:11:in `show'
Started GET "/users/new" for 127.0.0.1 at 2018-03-21 12:13:30 +0000
Processing by UsersController#new as HTML
  Rendering users/new.html.erb within layouts/application
  Rendered users/_form.html.erb (7.4ms)
  Rendered users/new.html.erb within layouts/application (8.1ms)
Completed 200 OK in 452ms (Views: 447.9ms | ActiveRecord: 0.0ms)


Started POST "/users" for 127.0.0.1 at 2018-03-21 12:13:48 +0000
Processing by UsersController#create as HTML
  Parameters: {"utf8"=>"✓", "authenticity_token"=>"Jcs92Sa/W4hhJuNk+mfWBHyjaqE5g/zoWS83RndmYTNn7+3WUJ+K9+4l76nkKiw9ZJHzItgt4kGEXw263LWaZQ==", "user"=>{"name"=>"robson", "email"=>"test@test.co.uk", "login"=>"you"}, "commit"=>"Create User"}
Completed 500 Internal Server Error in 1ms (ActiveRecord: 0.0ms)


  
ActiveModel::ForbiddenAttributesError (ActiveModel::ForbiddenAttributesError):
  
app/controllers/users_controller.rb:26:in `create'
Started PUT "/__web_console/repl_sessions/9ee0e02ad0874728c5acd56875de99a5" for 127.0.0.1 at 2018-03-21 12:14:09 +0000
Started PUT "/__web_console/repl_sessions/9ee0e02ad0874728c5acd56875de99a5" for 127.0.0.1 at 2018-03-21 12:14:10 +0000
Started POST "/users" for 127.0.0.1 at 2018-03-21 12:17:10 +0000
Processing by UsersController#create as HTML
  Parameters: {"utf8"=>"✓", "authenticity_token"=>"Jcs92Sa/W4hhJuNk+mfWBHyjaqE5g/zoWS83RndmYTNn7+3WUJ+K9+4l76nkKiw9ZJHzItgt4kGEXw263LWaZQ==", "user"=>{"name"=>"robson", "email"=>"test@test.co.uk", "login"=>"you"}, "commit"=>"Create User"}
  [1m[35m (0.1ms)[0m  [1m[36mbegin transaction[0m
  [1m[35mSQL (0.2ms)[0m  [1m[32mINSERT INTO "users" ("name", "email", "login", "created_at", "updated_at") VALUES (?, ?, ?, ?, ?)[0m  [["name", "robson"], ["email", "test@test.co.uk"], ["login", "you"], ["created_at", "2018-03-21 12:17:10.040776"], ["updated_at", "2018-03-21 12:17:10.040776"]]
  [1m[35m (5.2ms)[0m  [1m[36mcommit transaction[0m
[ActiveJob] Enqueued ActionMailer::DeliveryJob (Job ID: 9d511738-1fa1-46a4-b1a5-c2f5a632a571) to Async(mailers) with arguments: "UserMailer", "welcome_email", "deliver_now", #<GlobalID:0x000000059ac9f0 @uri=#<URI::GID gid://form/User/1>>
Redirected to http://localhost:3000/users/1
Completed 302 Found in 79ms (ActiveRecord: 6.2ms)


Started GET "/users/1" for 127.0.0.1 at 2018-03-21 12:17:10 +0000
  [1m[36mUser Load (0.1ms)[0m  [1m[34mSELECT  "users".* FROM "users" WHERE "users"."id" = ? LIMIT ?[0m  [["id", 1], ["LIMIT", 1]]
Processing by UsersController#show as HTML
  Parameters: {"id"=>"1"}
  [1m[36mUser Load (0.1ms)[0m  [1m[34mSELECT  "users".* FROM "users" WHERE "users"."id" = ? LIMIT ?[0m  [["id", 1], ["LIMIT", 1]]
[ActiveJob] [ActionMailer::DeliveryJob] [9d511738-1fa1-46a4-b1a5-c2f5a632a571] Performing ActionMailer::DeliveryJob (Job ID: 9d511738-1fa1-46a4-b1a5-c2f5a632a571) from Async(mailers) with arguments: "UserMailer", "welcome_email", "deliver_now", #<GlobalID:0x007f5e44831f18 @uri=#<URI::GID gid://form/User/1>>
  Rendering users/show.html.erb within layouts/application
  Rendered users/show.html.erb within layouts/application (0.4ms)
Completed 200 OK in 10ms (Views: 7.2ms | ActiveRecord: 0.2ms)


[ActiveJob] [ActionMailer::DeliveryJob] [9d511738-1fa1-46a4-b1a5-c2f5a632a571]   Rendering user_mailer/welcome_email.text.erb within layouts/mailer
[ActiveJob] [ActionMailer::DeliveryJob] [9d511738-1fa1-46a4-b1a5-c2f5a632a571]   Rendered user_mailer/welcome_email.text.erb within layouts/mailer (0.3ms)
[ActiveJob] [ActionMailer::DeliveryJob] [9d511738-1fa1-46a4-b1a5-c2f5a632a571] UserMailer#welcome_email: processed outbound mail in 140.3ms
[ActiveJob] [ActionMailer::DeliveryJob] [9d511738-1fa1-46a4-b1a5-c2f5a632a571] Sent mail to test@test.co.uk (3.8ms)
[ActiveJob] [ActionMailer::DeliveryJob] [9d511738-1fa1-46a4-b1a5-c2f5a632a571] Date: Wed, 21 Mar 2018 12:17:10 +0000
From: robson_peacock20@outlook.com
To: test@test.co.uk
Message-ID: <5ab24d464706c_9ab2ccd92049793@robson-desktop.mail>
Subject: Welcome to my test mailer
Mime-Version: 1.0
Content-Type: text/plain;
 charset=UTF-8
Content-Transfer-Encoding: 7bit

Welcome to Outlook.com, robson
===============================================

You have successfully signed up to example.com,
your username is: you

To login to the site, just follow this link: https://outlook.live.com/owa/
Thanks for joining and have a great day!


[ActiveJob] [ActionMailer::DeliveryJob] [9d511738-1fa1-46a4-b1a5-c2f5a632a571] Performed ActionMailer::DeliveryJob (Job ID: 9d511738-1fa1-46a4-b1a5-c2f5a632a571) from Async(mailers) in 154.99ms
Started GET "/users/1" for 127.0.0.1 at 2018-03-21 12:19:22 +0000
Processing by UsersController#show as HTML
  Parameters: {"id"=>"1"}
  [1m[36mUser Load (0.1ms)[0m  [1m[34mSELECT  "users".* FROM "users" WHERE "users"."id" = ? LIMIT ?[0m  [["id", 1], ["LIMIT", 1]]
  Rendering users/show.html.erb within layouts/application
  Rendered users/show.html.erb within layouts/application (0.4ms)
Completed 200 OK in 8ms (Views: 6.8ms | ActiveRecord: 0.1ms)


Started GET "/users/show" for 127.0.0.1 at 2018-03-21 12:19:39 +0000
Processing by UsersController#show as HTML
  Parameters: {"id"=>"show"}
  [1m[36mUser Load (0.2ms)[0m  [1m[34mSELECT  "users".* FROM "users" WHERE "users"."id" = ? LIMIT ?[0m  [["id", 0], ["LIMIT", 1]]
Completed 404 Not Found in 1ms (ActiveRecord: 0.2ms)


  
ActiveRecord::RecordNotFound (Couldn't find User with 'id'=show):
  
app/controllers/users_controller.rb:11:in `show'
Started GET "/" for 127.0.0.1 at 2018-03-21 14:33:15 +0000
Processing by Rails::WelcomeController#index as HTML
  Rendering /home/robson/.rvm/gems/ruby-2.2.2/gems/railties-5.1.5/lib/rails/templates/rails/welcome/index.html.erb
  Rendered /home/robson/.rvm/gems/ruby-2.2.2/gems/railties-5.1.5/lib/rails/templates/rails/welcome/index.html.erb (1.7ms)
Completed 200 OK in 4ms (Views: 2.4ms)


Started GET "/users/contact_form" for 127.0.0.1 at 2018-03-21 14:33:33 +0000
Processing by UsersController#show as HTML
  Parameters: {"id"=>"contact_form"}
  [1m[36mUser Load (0.1ms)[0m  [1m[34mSELECT  "users".* FROM "users" WHERE "users"."id" = ? LIMIT ?[0m  [["id", 0], ["LIMIT", 1]]
Completed 404 Not Found in 3ms (ActiveRecord: 0.5ms)


  
ActiveRecord::RecordNotFound (Couldn't find User with 'id'=contact_form):
  
app/controllers/users_controller.rb:11:in `show'
Started GET "/users/1" for 127.0.0.1 at 2018-03-21 14:33:48 +0000
Processing by UsersController#show as HTML
  Parameters: {"id"=>"1"}
  [1m[36mUser Load (0.1ms)[0m  [1m[34mSELECT  "users".* FROM "users" WHERE "users"."id" = ? LIMIT ?[0m  [["id", 1], ["LIMIT", 1]]
  Rendering users/show.html.erb within layouts/application
  Rendered users/show.html.erb within layouts/application (0.5ms)
Completed 200 OK in 11ms (Views: 7.3ms | ActiveRecord: 0.1ms)


Started GET "/user_mailer/contact_form/" for 127.0.0.1 at 2018-03-21 14:36:14 +0000
  
ActionController::RoutingError (No route matches [GET] "/user_mailer/contact_form"):
  
actionpack (5.1.5) lib/action_dispatch/middleware/debug_exceptions.rb:63:in `call'
web-console (3.5.1) lib/web_console/middleware.rb:135:in `call_app'
web-console (3.5.1) lib/web_console/middleware.rb:28:in `block in call'
web-console (3.5.1) lib/web_console/middleware.rb:18:in `catch'
web-console (3.5.1) lib/web_console/middleware.rb:18:in `call'
actionpack (5.1.5) lib/action_dispatch/middleware/show_exceptions.rb:31:in `call'
railties (5.1.5) lib/rails/rack/logger.rb:36:in `call_app'
railties (5.1.5) lib/rails/rack/logger.rb:24:in `block in call'
activesupport (5.1.5) lib/active_support/tagged_logging.rb:69:in `block in tagged'
activesupport (5.1.5) lib/active_support/tagged_logging.rb:26:in `tagged'
activesupport (5.1.5) lib/active_support/tagged_logging.rb:69:in `tagged'
railties (5.1.5) lib/rails/rack/logger.rb:24:in `call'
sprockets-rails (3.2.1) lib/sprockets/rails/quiet_assets.rb:13:in `call'
actionpack (5.1.5) lib/action_dispatch/middleware/remote_ip.rb:79:in `call'
actionpack (5.1.5) lib/action_dispatch/middleware/request_id.rb:25:in `call'
rack (2.0.4) lib/rack/method_override.rb:22:in `call'
rack (2.0.4) lib/rack/runtime.rb:22:in `call'
activesupport (5.1.5) lib/active_support/cache/strategy/local_cache_middleware.rb:27:in `call'
actionpack (5.1.5) lib/action_dispatch/middleware/executor.rb:12:in `call'
actionpack (5.1.5) lib/action_dispatch/middleware/static.rb:125:in `call'
rack (2.0.4) lib/rack/sendfile.rb:111:in `call'
railties (5.1.5) lib/rails/engine.rb:522:in `call'
puma (3.11.3) lib/puma/configuration.rb:225:in `call'
puma (3.11.3) lib/puma/server.rb:624:in `handle_request'
puma (3.11.3) lib/puma/server.rb:438:in `process_client'
puma (3.11.3) lib/puma/server.rb:302:in `block in run'
puma (3.11.3) lib/puma/thread_pool.rb:120:in `call'
puma (3.11.3) lib/puma/thread_pool.rb:120:in `block in spawn_thread'
Started GET "/user_mailer/contact_form/" for 127.0.0.1 at 2018-03-21 14:37:06 +0000
Processing by UserMailerController#contact_form as HTML
  Rendering user_mailer/contact_form.html.erb within layouts/application
  Rendered user_mailer/contact_form.html.erb within layouts/application (0.7ms)
Completed 500 Internal Server Error in 2ms


  
ActionView::Template::Error (undefined method `name' for nil:NilClass):
     5: 	</head>
     6: 	<body>
     7:     <h4>Customer query:</h4>
     8:     <p>Name: <%= @user.name %></p>
     9:     <p>Email: <%= @user.email %></p>
    10:     <p>Phone number: <%= @user.mobile %></p>
    11:     <p>Message:</p>
  
app/views/user_mailer/contact_form.html.erb:8:in `_app_views_user_mailer_contact_form_html_erb__2148065772977445309_70021426439720'
Started GET "/users/contact_form/" for 127.0.0.1 at 2018-03-21 15:09:18 +0000
Processing by UsersController#show as HTML
  Parameters: {"id"=>"contact_form"}
  [1m[36mUser Load (0.1ms)[0m  [1m[34mSELECT  "users".* FROM "users" WHERE "users"."id" = ? LIMIT ?[0m  [["id", 0], ["LIMIT", 1]]
Completed 404 Not Found in 3ms (ActiveRecord: 0.5ms)


  
ActiveRecord::RecordNotFound (Couldn't find User with 'id'=contact_form):
  
app/controllers/users_controller.rb:11:in `show'
Started GET "/users/contact_form/" for 127.0.0.1 at 2018-03-21 15:12:02 +0000
Processing by UsersController#show as HTML
  Parameters: {"id"=>"contact_form"}
  [1m[36mUser Load (0.1ms)[0m  [1m[34mSELECT  "users".* FROM "users" WHERE "users"."id" = ? LIMIT ?[0m  [["id", 0], ["LIMIT", 1]]
Completed 404 Not Found in 3ms (ActiveRecord: 0.5ms)


  
ActiveRecord::RecordNotFound (Couldn't find User with 'id'=contact_form):
  
app/controllers/users_controller.rb:11:in `show'
Started GET "/users/contact_form/" for 127.0.0.1 at 2018-03-21 15:12:22 +0000
  [1m[35m (0.1ms)[0m  [1m[34mSELECT "schema_migrations"."version" FROM "schema_migrations" ORDER BY "schema_migrations"."version" ASC[0m
Processing by UsersController#show as HTML
  Parameters: {"id"=>"contact_form"}
  [1m[36mUser Load (0.1ms)[0m  [1m[34mSELECT  "users".* FROM "users" WHERE "users"."id" = ? LIMIT ?[0m  [["id", 0], ["LIMIT", 1]]
Completed 404 Not Found in 8ms (ActiveRecord: 0.5ms)


  
ActiveRecord::RecordNotFound (Couldn't find User with 'id'=contact_form):
  
app/controllers/users_controller.rb:11:in `show'
Started GET "/users/" for 127.0.0.1 at 2018-03-21 15:19:51 +0000
  
ActionController::RoutingError (No route matches [GET] "/users"):
  
actionpack (5.1.5) lib/action_dispatch/middleware/debug_exceptions.rb:63:in `call'
web-console (3.5.1) lib/web_console/middleware.rb:135:in `call_app'
web-console (3.5.1) lib/web_console/middleware.rb:28:in `block in call'
web-console (3.5.1) lib/web_console/middleware.rb:18:in `catch'
web-console (3.5.1) lib/web_console/middleware.rb:18:in `call'
actionpack (5.1.5) lib/action_dispatch/middleware/show_exceptions.rb:31:in `call'
railties (5.1.5) lib/rails/rack/logger.rb:36:in `call_app'
railties (5.1.5) lib/rails/rack/logger.rb:24:in `block in call'
activesupport (5.1.5) lib/active_support/tagged_logging.rb:69:in `block in tagged'
activesupport (5.1.5) lib/active_support/tagged_logging.rb:26:in `tagged'
activesupport (5.1.5) lib/active_support/tagged_logging.rb:69:in `tagged'
railties (5.1.5) lib/rails/rack/logger.rb:24:in `call'
sprockets-rails (3.2.1) lib/sprockets/rails/quiet_assets.rb:13:in `call'
actionpack (5.1.5) lib/action_dispatch/middleware/remote_ip.rb:79:in `call'
actionpack (5.1.5) lib/action_dispatch/middleware/request_id.rb:25:in `call'
rack (2.0.4) lib/rack/method_override.rb:22:in `call'
rack (2.0.4) lib/rack/runtime.rb:22:in `call'
activesupport (5.1.5) lib/active_support/cache/strategy/local_cache_middleware.rb:27:in `call'
actionpack (5.1.5) lib/action_dispatch/middleware/executor.rb:12:in `call'
actionpack (5.1.5) lib/action_dispatch/middleware/static.rb:125:in `call'
rack (2.0.4) lib/rack/sendfile.rb:111:in `call'
railties (5.1.5) lib/rails/engine.rb:522:in `call'
puma (3.11.3) lib/puma/configuration.rb:225:in `call'
puma (3.11.3) lib/puma/server.rb:624:in `handle_request'
puma (3.11.3) lib/puma/server.rb:438:in `process_client'
puma (3.11.3) lib/puma/server.rb:302:in `block in run'
puma (3.11.3) lib/puma/thread_pool.rb:120:in `call'
puma (3.11.3) lib/puma/thread_pool.rb:120:in `block in spawn_thread'
Started GET "/users/" for 127.0.0.1 at 2018-03-21 15:35:53 +0000
  
ActionController::RoutingError (No route matches [GET] "/users"):
  
actionpack (5.1.5) lib/action_dispatch/middleware/debug_exceptions.rb:63:in `call'
web-console (3.5.1) lib/web_console/middleware.rb:135:in `call_app'
web-console (3.5.1) lib/web_console/middleware.rb:28:in `block in call'
web-console (3.5.1) lib/web_console/middleware.rb:18:in `catch'
web-console (3.5.1) lib/web_console/middleware.rb:18:in `call'
actionpack (5.1.5) lib/action_dispatch/middleware/show_exceptions.rb:31:in `call'
railties (5.1.5) lib/rails/rack/logger.rb:36:in `call_app'
railties (5.1.5) lib/rails/rack/logger.rb:24:in `block in call'
activesupport (5.1.5) lib/active_support/tagged_logging.rb:69:in `block in tagged'
activesupport (5.1.5) lib/active_support/tagged_logging.rb:26:in `tagged'
activesupport (5.1.5) lib/active_support/tagged_logging.rb:69:in `tagged'
railties (5.1.5) lib/rails/rack/logger.rb:24:in `call'
sprockets-rails (3.2.1) lib/sprockets/rails/quiet_assets.rb:13:in `call'
actionpack (5.1.5) lib/action_dispatch/middleware/remote_ip.rb:79:in `call'
actionpack (5.1.5) lib/action_dispatch/middleware/request_id.rb:25:in `call'
rack (2.0.4) lib/rack/method_override.rb:22:in `call'
rack (2.0.4) lib/rack/runtime.rb:22:in `call'
activesupport (5.1.5) lib/active_support/cache/strategy/local_cache_middleware.rb:27:in `call'
actionpack (5.1.5) lib/action_dispatch/middleware/executor.rb:12:in `call'
actionpack (5.1.5) lib/action_dispatch/middleware/static.rb:125:in `call'
rack (2.0.4) lib/rack/sendfile.rb:111:in `call'
railties (5.1.5) lib/rails/engine.rb:522:in `call'
puma (3.11.3) lib/puma/configuration.rb:225:in `call'
puma (3.11.3) lib/puma/server.rb:624:in `handle_request'
puma (3.11.3) lib/puma/server.rb:438:in `process_client'
puma (3.11.3) lib/puma/server.rb:302:in `block in run'
puma (3.11.3) lib/puma/thread_pool.rb:120:in `call'
puma (3.11.3) lib/puma/thread_pool.rb:120:in `block in spawn_thread'
Started GET "/users/" for 127.0.0.1 at 2018-03-21 15:35:55 +0000
  
ActionController::RoutingError (No route matches [GET] "/users"):
  
actionpack (5.1.5) lib/action_dispatch/middleware/debug_exceptions.rb:63:in `call'
web-console (3.5.1) lib/web_console/middleware.rb:135:in `call_app'
web-console (3.5.1) lib/web_console/middleware.rb:28:in `block in call'
web-console (3.5.1) lib/web_console/middleware.rb:18:in `catch'
web-console (3.5.1) lib/web_console/middleware.rb:18:in `call'
actionpack (5.1.5) lib/action_dispatch/middleware/show_exceptions.rb:31:in `call'
railties (5.1.5) lib/rails/rack/logger.rb:36:in `call_app'
railties (5.1.5) lib/rails/rack/logger.rb:24:in `block in call'
activesupport (5.1.5) lib/active_support/tagged_logging.rb:69:in `block in tagged'
activesupport (5.1.5) lib/active_support/tagged_logging.rb:26:in `tagged'
activesupport (5.1.5) lib/active_support/tagged_logging.rb:69:in `tagged'
railties (5.1.5) lib/rails/rack/logger.rb:24:in `call'
sprockets-rails (3.2.1) lib/sprockets/rails/quiet_assets.rb:13:in `call'
actionpack (5.1.5) lib/action_dispatch/middleware/remote_ip.rb:79:in `call'
actionpack (5.1.5) lib/action_dispatch/middleware/request_id.rb:25:in `call'
rack (2.0.4) lib/rack/method_override.rb:22:in `call'
rack (2.0.4) lib/rack/runtime.rb:22:in `call'
activesupport (5.1.5) lib/active_support/cache/strategy/local_cache_middleware.rb:27:in `call'
actionpack (5.1.5) lib/action_dispatch/middleware/executor.rb:12:in `call'
actionpack (5.1.5) lib/action_dispatch/middleware/static.rb:125:in `call'
rack (2.0.4) lib/rack/sendfile.rb:111:in `call'
railties (5.1.5) lib/rails/engine.rb:522:in `call'
puma (3.11.3) lib/puma/configuration.rb:225:in `call'
puma (3.11.3) lib/puma/server.rb:624:in `handle_request'
puma (3.11.3) lib/puma/server.rb:438:in `process_client'
puma (3.11.3) lib/puma/server.rb:302:in `block in run'
puma (3.11.3) lib/puma/thread_pool.rb:120:in `call'
puma (3.11.3) lib/puma/thread_pool.rb:120:in `block in spawn_thread'
Started GET "/users/" for 127.0.0.1 at 2018-03-21 15:36:12 +0000
  [1m[35m (0.1ms)[0m  [1m[34mSELECT "schema_migrations"."version" FROM "schema_migrations" ORDER BY "schema_migrations"."version" ASC[0m
  
ActionController::RoutingError (No route matches [GET] "/users"):
  
actionpack (5.1.5) lib/action_dispatch/middleware/debug_exceptions.rb:63:in `call'
web-console (3.5.1) lib/web_console/middleware.rb:135:in `call_app'
web-console (3.5.1) lib/web_console/middleware.rb:28:in `block in call'
web-console (3.5.1) lib/web_console/middleware.rb:18:in `catch'
web-console (3.5.1) lib/web_console/middleware.rb:18:in `call'
actionpack (5.1.5) lib/action_dispatch/middleware/show_exceptions.rb:31:in `call'
railties (5.1.5) lib/rails/rack/logger.rb:36:in `call_app'
railties (5.1.5) lib/rails/rack/logger.rb:24:in `block in call'
activesupport (5.1.5) lib/active_support/tagged_logging.rb:69:in `block in tagged'
activesupport (5.1.5) lib/active_support/tagged_logging.rb:26:in `tagged'
activesupport (5.1.5) lib/active_support/tagged_logging.rb:69:in `tagged'
railties (5.1.5) lib/rails/rack/logger.rb:24:in `call'
sprockets-rails (3.2.1) lib/sprockets/rails/quiet_assets.rb:13:in `call'
actionpack (5.1.5) lib/action_dispatch/middleware/remote_ip.rb:79:in `call'
actionpack (5.1.5) lib/action_dispatch/middleware/request_id.rb:25:in `call'
rack (2.0.4) lib/rack/method_override.rb:22:in `call'
rack (2.0.4) lib/rack/runtime.rb:22:in `call'
activesupport (5.1.5) lib/active_support/cache/strategy/local_cache_middleware.rb:27:in `call'
actionpack (5.1.5) lib/action_dispatch/middleware/executor.rb:12:in `call'
actionpack (5.1.5) lib/action_dispatch/middleware/static.rb:125:in `call'
rack (2.0.4) lib/rack/sendfile.rb:111:in `call'
railties (5.1.5) lib/rails/engine.rb:522:in `call'
puma (3.11.3) lib/puma/configuration.rb:225:in `call'
puma (3.11.3) lib/puma/server.rb:624:in `handle_request'
puma (3.11.3) lib/puma/server.rb:438:in `process_client'
puma (3.11.3) lib/puma/server.rb:302:in `block in run'
puma (3.11.3) lib/puma/thread_pool.rb:120:in `call'
puma (3.11.3) lib/puma/thread_pool.rb:120:in `block in spawn_thread'
Started GET "/" for 127.0.0.1 at 2018-03-21 15:36:16 +0000
Processing by UsersController#welcome as HTML
  Rendering users/welcome.html.erb within layouts/application
  Rendered users/welcome.html.erb within layouts/application (0.8ms)
Completed 500 Internal Server Error in 2ms (ActiveRecord: 0.0ms)


  
ActionView::Template::Error (undefined method `name' for nil:NilClass):
    4:     <meta content='text/html; charset=UTF-8' http-equiv='Content-Type' />
    5:   </head>
    6:   <body>
    7:     <h1>Welcoome to Outlook.com, <%= @user.name %></h1>
    8:     <p>You have successfully signed up to Outlook.com,
    9:       your username is: <%= @user.login %> <br> </p>
   10:     <p>To login to the site, just follow this link: <%= @url %> </p>
  
app/views/users/welcome.html.erb:7:in `_app_views_users_welcome_html_erb___3793805179765854173_37651120'
Started GET "/" for 127.0.0.1 at 2018-03-21 15:37:18 +0000
Processing by UsersController#welcome as HTML
  Rendering users/welcome.html.erb within layouts/application
  Rendered users/welcome.html.erb within layouts/application (1.0ms)
Completed 500 Internal Server Error in 4ms


  
ActionView::Template::Error (undefined method `name' for nil:NilClass):
    4:     <meta content='text/html; charset=UTF-8' http-equiv='Content-Type' />
    5:   </head>
    6:   <body>
    7:     <h1>Welcoome to Outlook.com, <%= @user.name %></h1>
    8:     <p>You have successfully signed up to Outlook.com,
    9:       your username is: <%= @user.login %> <br> </p>
   10:     <p>To login to the site, just follow this link: <%= @url %> </p>
  
app/views/users/welcome.html.erb:7:in `_app_views_users_welcome_html_erb___3793805179765854173_43400780'
Started GET "/users" for 127.0.0.1 at 2018-03-21 15:37:50 +0000
  
ActionController::RoutingError (No route matches [GET] "/users"):
  
actionpack (5.1.5) lib/action_dispatch/middleware/debug_exceptions.rb:63:in `call'
web-console (3.5.1) lib/web_console/middleware.rb:135:in `call_app'
web-console (3.5.1) lib/web_console/middleware.rb:28:in `block in call'
web-console (3.5.1) lib/web_console/middleware.rb:18:in `catch'
web-console (3.5.1) lib/web_console/middleware.rb:18:in `call'
actionpack (5.1.5) lib/action_dispatch/middleware/show_exceptions.rb:31:in `call'
railties (5.1.5) lib/rails/rack/logger.rb:36:in `call_app'
railties (5.1.5) lib/rails/rack/logger.rb:24:in `block in call'
activesupport (5.1.5) lib/active_support/tagged_logging.rb:69:in `block in tagged'
activesupport (5.1.5) lib/active_support/tagged_logging.rb:26:in `tagged'
activesupport (5.1.5) lib/active_support/tagged_logging.rb:69:in `tagged'
railties (5.1.5) lib/rails/rack/logger.rb:24:in `call'
sprockets-rails (3.2.1) lib/sprockets/rails/quiet_assets.rb:13:in `call'
actionpack (5.1.5) lib/action_dispatch/middleware/remote_ip.rb:79:in `call'
actionpack (5.1.5) lib/action_dispatch/middleware/request_id.rb:25:in `call'
rack (2.0.4) lib/rack/method_override.rb:22:in `call'
rack (2.0.4) lib/rack/runtime.rb:22:in `call'
activesupport (5.1.5) lib/active_support/cache/strategy/local_cache_middleware.rb:27:in `call'
actionpack (5.1.5) lib/action_dispatch/middleware/executor.rb:12:in `call'
actionpack (5.1.5) lib/action_dispatch/middleware/static.rb:125:in `call'
rack (2.0.4) lib/rack/sendfile.rb:111:in `call'
railties (5.1.5) lib/rails/engine.rb:522:in `call'
puma (3.11.3) lib/puma/configuration.rb:225:in `call'
puma (3.11.3) lib/puma/server.rb:624:in `handle_request'
puma (3.11.3) lib/puma/server.rb:438:in `process_client'
puma (3.11.3) lib/puma/server.rb:302:in `block in run'
puma (3.11.3) lib/puma/thread_pool.rb:120:in `call'
puma (3.11.3) lib/puma/thread_pool.rb:120:in `block in spawn_thread'
Started GET "/users/" for 127.0.0.1 at 2018-03-21 15:37:55 +0000
  
ActionController::RoutingError (No route matches [GET] "/users"):
  
actionpack (5.1.5) lib/action_dispatch/middleware/debug_exceptions.rb:63:in `call'
web-console (3.5.1) lib/web_console/middleware.rb:135:in `call_app'
web-console (3.5.1) lib/web_console/middleware.rb:28:in `block in call'
web-console (3.5.1) lib/web_console/middleware.rb:18:in `catch'
web-console (3.5.1) lib/web_console/middleware.rb:18:in `call'
actionpack (5.1.5) lib/action_dispatch/middleware/show_exceptions.rb:31:in `call'
railties (5.1.5) lib/rails/rack/logger.rb:36:in `call_app'
railties (5.1.5) lib/rails/rack/logger.rb:24:in `block in call'
activesupport (5.1.5) lib/active_support/tagged_logging.rb:69:in `block in tagged'
activesupport (5.1.5) lib/active_support/tagged_logging.rb:26:in `tagged'
activesupport (5.1.5) lib/active_support/tagged_logging.rb:69:in `tagged'
railties (5.1.5) lib/rails/rack/logger.rb:24:in `call'
sprockets-rails (3.2.1) lib/sprockets/rails/quiet_assets.rb:13:in `call'
actionpack (5.1.5) lib/action_dispatch/middleware/remote_ip.rb:79:in `call'
actionpack (5.1.5) lib/action_dispatch/middleware/request_id.rb:25:in `call'
rack (2.0.4) lib/rack/method_override.rb:22:in `call'
rack (2.0.4) lib/rack/runtime.rb:22:in `call'
activesupport (5.1.5) lib/active_support/cache/strategy/local_cache_middleware.rb:27:in `call'
actionpack (5.1.5) lib/action_dispatch/middleware/executor.rb:12:in `call'
actionpack (5.1.5) lib/action_dispatch/middleware/static.rb:125:in `call'
rack (2.0.4) lib/rack/sendfile.rb:111:in `call'
railties (5.1.5) lib/rails/engine.rb:522:in `call'
puma (3.11.3) lib/puma/configuration.rb:225:in `call'
puma (3.11.3) lib/puma/server.rb:624:in `handle_request'
puma (3.11.3) lib/puma/server.rb:438:in `process_client'
puma (3.11.3) lib/puma/server.rb:302:in `block in run'
puma (3.11.3) lib/puma/thread_pool.rb:120:in `call'
puma (3.11.3) lib/puma/thread_pool.rb:120:in `block in spawn_thread'
Started GET "/users/" for 127.0.0.1 at 2018-03-21 15:38:08 +0000
  
ActionController::RoutingError (No route matches [GET] "/users"):
  
actionpack (5.1.5) lib/action_dispatch/middleware/debug_exceptions.rb:63:in `call'
web-console (3.5.1) lib/web_console/middleware.rb:135:in `call_app'
web-console (3.5.1) lib/web_console/middleware.rb:28:in `block in call'
web-console (3.5.1) lib/web_console/middleware.rb:18:in `catch'
web-console (3.5.1) lib/web_console/middleware.rb:18:in `call'
actionpack (5.1.5) lib/action_dispatch/middleware/show_exceptions.rb:31:in `call'
railties (5.1.5) lib/rails/rack/logger.rb:36:in `call_app'
railties (5.1.5) lib/rails/rack/logger.rb:24:in `block in call'
activesupport (5.1.5) lib/active_support/tagged_logging.rb:69:in `block in tagged'
activesupport (5.1.5) lib/active_support/tagged_logging.rb:26:in `tagged'
activesupport (5.1.5) lib/active_support/tagged_logging.rb:69:in `tagged'
railties (5.1.5) lib/rails/rack/logger.rb:24:in `call'
sprockets-rails (3.2.1) lib/sprockets/rails/quiet_assets.rb:13:in `call'
actionpack (5.1.5) lib/action_dispatch/middleware/remote_ip.rb:79:in `call'
actionpack (5.1.5) lib/action_dispatch/middleware/request_id.rb:25:in `call'
rack (2.0.4) lib/rack/method_override.rb:22:in `call'
rack (2.0.4) lib/rack/runtime.rb:22:in `call'
activesupport (5.1.5) lib/active_support/cache/strategy/local_cache_middleware.rb:27:in `call'
actionpack (5.1.5) lib/action_dispatch/middleware/executor.rb:12:in `call'
actionpack (5.1.5) lib/action_dispatch/middleware/static.rb:125:in `call'
rack (2.0.4) lib/rack/sendfile.rb:111:in `call'
railties (5.1.5) lib/rails/engine.rb:522:in `call'
puma (3.11.3) lib/puma/configuration.rb:225:in `call'
puma (3.11.3) lib/puma/server.rb:624:in `handle_request'
puma (3.11.3) lib/puma/server.rb:438:in `process_client'
puma (3.11.3) lib/puma/server.rb:302:in `block in run'
puma (3.11.3) lib/puma/thread_pool.rb:120:in `call'
puma (3.11.3) lib/puma/thread_pool.rb:120:in `block in spawn_thread'
Started GET "/users/" for 127.0.0.1 at 2018-03-21 15:40:32 +0000
  
ActionController::RoutingError (No route matches [GET] "/users"):
  
actionpack (5.1.5) lib/action_dispatch/middleware/debug_exceptions.rb:63:in `call'
web-console (3.5.1) lib/web_console/middleware.rb:135:in `call_app'
web-console (3.5.1) lib/web_console/middleware.rb:28:in `block in call'
web-console (3.5.1) lib/web_console/middleware.rb:18:in `catch'
web-console (3.5.1) lib/web_console/middleware.rb:18:in `call'
actionpack (5.1.5) lib/action_dispatch/middleware/show_exceptions.rb:31:in `call'
railties (5.1.5) lib/rails/rack/logger.rb:36:in `call_app'
railties (5.1.5) lib/rails/rack/logger.rb:24:in `block in call'
activesupport (5.1.5) lib/active_support/tagged_logging.rb:69:in `block in tagged'
activesupport (5.1.5) lib/active_support/tagged_logging.rb:26:in `tagged'
activesupport (5.1.5) lib/active_support/tagged_logging.rb:69:in `tagged'
railties (5.1.5) lib/rails/rack/logger.rb:24:in `call'
sprockets-rails (3.2.1) lib/sprockets/rails/quiet_assets.rb:13:in `call'
actionpack (5.1.5) lib/action_dispatch/middleware/remote_ip.rb:79:in `call'
actionpack (5.1.5) lib/action_dispatch/middleware/request_id.rb:25:in `call'
rack (2.0.4) lib/rack/method_override.rb:22:in `call'
rack (2.0.4) lib/rack/runtime.rb:22:in `call'
activesupport (5.1.5) lib/active_support/cache/strategy/local_cache_middleware.rb:27:in `call'
actionpack (5.1.5) lib/action_dispatch/middleware/executor.rb:12:in `call'
actionpack (5.1.5) lib/action_dispatch/middleware/static.rb:125:in `call'
rack (2.0.4) lib/rack/sendfile.rb:111:in `call'
railties (5.1.5) lib/rails/engine.rb:522:in `call'
puma (3.11.3) lib/puma/configuration.rb:225:in `call'
puma (3.11.3) lib/puma/server.rb:624:in `handle_request'
puma (3.11.3) lib/puma/server.rb:438:in `process_client'
puma (3.11.3) lib/puma/server.rb:302:in `block in run'
puma (3.11.3) lib/puma/thread_pool.rb:120:in `call'
puma (3.11.3) lib/puma/thread_pool.rb:120:in `block in spawn_thread'
Started GET "/user)mailer/users/" for 127.0.0.1 at 2018-03-21 15:40:41 +0000
  
ActionController::RoutingError (No route matches [GET] "/user)mailer/users"):
  
actionpack (5.1.5) lib/action_dispatch/middleware/debug_exceptions.rb:63:in `call'
web-console (3.5.1) lib/web_console/middleware.rb:135:in `call_app'
web-console (3.5.1) lib/web_console/middleware.rb:28:in `block in call'
web-console (3.5.1) lib/web_console/middleware.rb:18:in `catch'
web-console (3.5.1) lib/web_console/middleware.rb:18:in `call'
actionpack (5.1.5) lib/action_dispatch/middleware/show_exceptions.rb:31:in `call'
railties (5.1.5) lib/rails/rack/logger.rb:36:in `call_app'
railties (5.1.5) lib/rails/rack/logger.rb:24:in `block in call'
activesupport (5.1.5) lib/active_support/tagged_logging.rb:69:in `block in tagged'
activesupport (5.1.5) lib/active_support/tagged_logging.rb:26:in `tagged'
activesupport (5.1.5) lib/active_support/tagged_logging.rb:69:in `tagged'
railties (5.1.5) lib/rails/rack/logger.rb:24:in `call'
sprockets-rails (3.2.1) lib/sprockets/rails/quiet_assets.rb:13:in `call'
actionpack (5.1.5) lib/action_dispatch/middleware/remote_ip.rb:79:in `call'
actionpack (5.1.5) lib/action_dispatch/middleware/request_id.rb:25:in `call'
rack (2.0.4) lib/rack/method_override.rb:22:in `call'
rack (2.0.4) lib/rack/runtime.rb:22:in `call'
activesupport (5.1.5) lib/active_support/cache/strategy/local_cache_middleware.rb:27:in `call'
actionpack (5.1.5) lib/action_dispatch/middleware/executor.rb:12:in `call'
actionpack (5.1.5) lib/action_dispatch/middleware/static.rb:125:in `call'
rack (2.0.4) lib/rack/sendfile.rb:111:in `call'
railties (5.1.5) lib/rails/engine.rb:522:in `call'
puma (3.11.3) lib/puma/configuration.rb:225:in `call'
puma (3.11.3) lib/puma/server.rb:624:in `handle_request'
puma (3.11.3) lib/puma/server.rb:438:in `process_client'
puma (3.11.3) lib/puma/server.rb:302:in `block in run'
puma (3.11.3) lib/puma/thread_pool.rb:120:in `call'
puma (3.11.3) lib/puma/thread_pool.rb:120:in `block in spawn_thread'
Started GET "/user_mailer/users/" for 127.0.0.1 at 2018-03-21 15:40:44 +0000
  
ActionController::RoutingError (No route matches [GET] "/user_mailer/users"):
  
actionpack (5.1.5) lib/action_dispatch/middleware/debug_exceptions.rb:63:in `call'
web-console (3.5.1) lib/web_console/middleware.rb:135:in `call_app'
web-console (3.5.1) lib/web_console/middleware.rb:28:in `block in call'
web-console (3.5.1) lib/web_console/middleware.rb:18:in `catch'
web-console (3.5.1) lib/web_console/middleware.rb:18:in `call'
actionpack (5.1.5) lib/action_dispatch/middleware/show_exceptions.rb:31:in `call'
railties (5.1.5) lib/rails/rack/logger.rb:36:in `call_app'
railties (5.1.5) lib/rails/rack/logger.rb:24:in `block in call'
activesupport (5.1.5) lib/active_support/tagged_logging.rb:69:in `block in tagged'
activesupport (5.1.5) lib/active_support/tagged_logging.rb:26:in `tagged'
activesupport (5.1.5) lib/active_support/tagged_logging.rb:69:in `tagged'
railties (5.1.5) lib/rails/rack/logger.rb:24:in `call'
sprockets-rails (3.2.1) lib/sprockets/rails/quiet_assets.rb:13:in `call'
actionpack (5.1.5) lib/action_dispatch/middleware/remote_ip.rb:79:in `call'
actionpack (5.1.5) lib/action_dispatch/middleware/request_id.rb:25:in `call'
rack (2.0.4) lib/rack/method_override.rb:22:in `call'
rack (2.0.4) lib/rack/runtime.rb:22:in `call'
activesupport (5.1.5) lib/active_support/cache/strategy/local_cache_middleware.rb:27:in `call'
actionpack (5.1.5) lib/action_dispatch/middleware/executor.rb:12:in `call'
actionpack (5.1.5) lib/action_dispatch/middleware/static.rb:125:in `call'
rack (2.0.4) lib/rack/sendfile.rb:111:in `call'
railties (5.1.5) lib/rails/engine.rb:522:in `call'
puma (3.11.3) lib/puma/configuration.rb:225:in `call'
puma (3.11.3) lib/puma/server.rb:624:in `handle_request'
puma (3.11.3) lib/puma/server.rb:438:in `process_client'
puma (3.11.3) lib/puma/server.rb:302:in `block in run'
puma (3.11.3) lib/puma/thread_pool.rb:120:in `call'
puma (3.11.3) lib/puma/thread_pool.rb:120:in `block in spawn_thread'
Started GET "/users/contact_form/" for 127.0.0.1 at 2018-03-21 15:58:20 +0000
  
ActionController::RoutingError (No route matches [GET] "/users/contact_form"):
  
actionpack (5.1.5) lib/action_dispatch/middleware/debug_exceptions.rb:63:in `call'
web-console (3.5.1) lib/web_console/middleware.rb:135:in `call_app'
web-console (3.5.1) lib/web_console/middleware.rb:28:in `block in call'
web-console (3.5.1) lib/web_console/middleware.rb:18:in `catch'
web-console (3.5.1) lib/web_console/middleware.rb:18:in `call'
actionpack (5.1.5) lib/action_dispatch/middleware/show_exceptions.rb:31:in `call'
railties (5.1.5) lib/rails/rack/logger.rb:36:in `call_app'
railties (5.1.5) lib/rails/rack/logger.rb:24:in `block in call'
activesupport (5.1.5) lib/active_support/tagged_logging.rb:69:in `block in tagged'
activesupport (5.1.5) lib/active_support/tagged_logging.rb:26:in `tagged'
activesupport (5.1.5) lib/active_support/tagged_logging.rb:69:in `tagged'
railties (5.1.5) lib/rails/rack/logger.rb:24:in `call'
sprockets-rails (3.2.1) lib/sprockets/rails/quiet_assets.rb:13:in `call'
actionpack (5.1.5) lib/action_dispatch/middleware/remote_ip.rb:79:in `call'
actionpack (5.1.5) lib/action_dispatch/middleware/request_id.rb:25:in `call'
rack (2.0.4) lib/rack/method_override.rb:22:in `call'
rack (2.0.4) lib/rack/runtime.rb:22:in `call'
activesupport (5.1.5) lib/active_support/cache/strategy/local_cache_middleware.rb:27:in `call'
actionpack (5.1.5) lib/action_dispatch/middleware/executor.rb:12:in `call'
actionpack (5.1.5) lib/action_dispatch/middleware/static.rb:125:in `call'
rack (2.0.4) lib/rack/sendfile.rb:111:in `call'
railties (5.1.5) lib/rails/engine.rb:522:in `call'
puma (3.11.3) lib/puma/configuration.rb:225:in `call'
puma (3.11.3) lib/puma/server.rb:624:in `handle_request'
puma (3.11.3) lib/puma/server.rb:438:in `process_client'
puma (3.11.3) lib/puma/server.rb:302:in `block in run'
puma (3.11.3) lib/puma/thread_pool.rb:120:in `call'
puma (3.11.3) lib/puma/thread_pool.rb:120:in `block in spawn_thread'
Started GET "/users/contact_form/" for 127.0.0.1 at 2018-03-21 15:58:37 +0000
Processing by UsersController#contact_form as HTML
  Rendering users/contact_form.html.erb within layouts/application
  Rendered users/contact_form.html.erb within layouts/application (0.8ms)
Completed 500 Internal Server Error in 3ms


  
ActionView::Template::Error (undefined method `name' for nil:NilClass):
     5: 	</head>
     6: 	<body>
     7:     <h4>Customer query:</h4>
     8:     <p>Name: <%= @user.name %></p>
     9:     <p>Email: <%= @user.email %></p>
    10:     <p>Phone number: <%= @user.mobile %></p>
    11:     <p>Message:</p>
  
app/views/users/contact_form.html.erb:8:in `_app_views_users_contact_form_html_erb__4064193235722587316_39358920'
Started GET "/users/contact_form/" for 127.0.0.1 at 2018-03-21 16:00:43 +0000
Processing by UsersController#contact_form as HTML
  Rendering users/contact_form.html.erb within layouts/application
  Rendered users/contact_form.html.erb within layouts/application (0.9ms)
Completed 500 Internal Server Error in 3ms


  
ActionView::Template::Error (undefined method `name' for nil:NilClass):
     5: 	</head>
     6: 	<body>
     7:     <h4>Customer query:</h4>
     8:     <p>Name: <%= @user.name %></p>
     9:     <p>Email: <%= @user.email %></p>
    10:     <p>Message:</p>
    11: 	</body>
  
app/views/users/contact_form.html.erb:8:in `_app_views_users_contact_form_html_erb__4064193235722587316_41868080'
Started GET "/users/contact_form/" for 127.0.0.1 at 2018-03-21 16:07:38 +0000
Processing by UsersController#contact_form as HTML
  Rendering users/contact_form.html.erb within layouts/application
  Rendered users/contact_form.html.erb within layouts/application (0.3ms)
Completed 200 OK in 127ms (Views: 126.8ms)


Started GET "/users/contact_form/" for 127.0.0.1 at 2018-03-21 16:11:11 +0000
Processing by UsersController#contact_form as HTML
  Rendering users/contact_form.html.erb within layouts/application
  Rendered users/contact_form.html.erb within layouts/application (1.0ms)
Completed 200 OK in 10ms (Views: 9.8ms)


Started GET "/users/contact_form/" for 127.0.0.1 at 2018-03-21 16:13:04 +0000
Processing by UsersController#contact_form as HTML
  Rendering users/contact_form.html.erb within layouts/application
  Rendered users/contact_form.html.erb within layouts/application (0.8ms)
Completed 200 OK in 11ms (Views: 10.1ms)


Started GET "/users/contact_form/" for 127.0.0.1 at 2018-03-21 16:14:07 +0000
Processing by UsersController#contact_form as HTML
  Rendering users/contact_form.html.erb within layouts/application
  Rendered users/contact_form.html.erb within layouts/application (0.3ms)
Completed 500 Internal Server Error in 2ms


  
SyntaxError (/home/robson/form/app/views/users/contact_form.html.erb:14: syntax error, unexpected tIDENTIFIER, expecting ')'
...fer.append=( 'Name:' text_field(:person, :name) );@output_bu...
...                               ^):
  
app/views/users/contact_form.html.erb:14: syntax error, unexpected tIDENTIFIER, expecting ')'
Started GET "/users/contact_form/" for 127.0.0.1 at 2018-03-21 16:14:15 +0000
Processing by UsersController#contact_form as HTML
  Rendering users/contact_form.html.erb within layouts/application
  Rendered users/contact_form.html.erb within layouts/application (0.6ms)
Completed 200 OK in 8ms (Views: 7.8ms)


Started GET "/users/contact_form/" for 127.0.0.1 at 2018-03-21 16:15:47 +0000
Processing by UsersController#contact_form as HTML
  Rendering users/contact_form.html.erb within layouts/application
  Rendered users/contact_form.html.erb within layouts/application (2.5ms)
Completed 200 OK in 10ms (Views: 9.9ms)


Started GET "/users/contact_form/" for 127.0.0.1 at 2018-03-21 16:16:46 +0000
Processing by UsersController#contact_form as HTML
  Rendering users/contact_form.html.erb within layouts/application
  Rendered users/contact_form.html.erb within layouts/application (0.9ms)
Completed 500 Internal Server Error in 2ms


  
ActionView::Template::Error (undefined method `delete' for :name:Symbol):
    11:     <%= form_tag do %>
    12:   Form contents
    13: 
    14:   <%= text_area('f;lemf',:person, :name) %>
    15: <% end %>
    16: 
    17: 
  
app/views/users/contact_form.html.erb:14:in `block in _app_views_users_contact_form_html_erb__4064193235722587316_69872241041220'
app/views/users/contact_form.html.erb:11:in `_app_views_users_contact_form_html_erb__4064193235722587316_69872241041220'
Started GET "/users/contact_form/" for 127.0.0.1 at 2018-03-21 16:16:51 +0000
Processing by UsersController#contact_form as HTML
  Rendering users/contact_form.html.erb within layouts/application
  Rendered users/contact_form.html.erb within layouts/application (0.5ms)
Completed 200 OK in 7ms (Views: 6.6ms)


Started GET "/users/contact_form/" for 127.0.0.1 at 2018-03-21 16:18:30 +0000
Processing by UsersController#contact_form as HTML
  Rendering users/contact_form.html.erb within layouts/application
  Rendered users/contact_form.html.erb within layouts/application (51.8ms)
Completed 500 Internal Server Error in 53ms


  
ActionView::Template::Error (undefined local variable or method `f' for #<#<Class:0x00000004b11968>:0x007f18c0486a68>):
    10:     <p>Message:</p>
    11:     <%= form_tag do %>
    12:   Form contents
    13:   <%= f.label :name, 'Name' %>
    14:   <%= text_field(:person, :name) %>
    15: <% end %>
    16: 
  
app/views/users/contact_form.html.erb:13:in `block in _app_views_users_contact_form_html_erb__4064193235722587316_69872140958200'
app/views/users/contact_form.html.erb:11:in `_app_views_users_contact_form_html_erb__4064193235722587316_69872140958200'
Started GET "/users/contact_form/" for 127.0.0.1 at 2018-03-21 16:18:45 +0000
Processing by UsersController#contact_form as HTML
  Rendering users/contact_form.html.erb within layouts/application
  Rendered users/contact_form.html.erb within layouts/application (50.4ms)
Completed 500 Internal Server Error in 52ms


  
ActionView::Template::Error (undefined local variable or method `f' for #<#<Class:0x00000004b11968>:0x007f18c0185df0>):
    10:     <p>Message:</p>
    11:     <%= form_tag do %>
    12:   Form contents
    13:   <%= f.label :name, 'Your Name' %>
    14:   <%= text_field(:person, :name) %>
    15: <% end %>
    16: 
  
app/views/users/contact_form.html.erb:13:in `block in _app_views_users_contact_form_html_erb__4064193235722587316_69872139383740'
app/views/users/contact_form.html.erb:11:in `_app_views_users_contact_form_html_erb__4064193235722587316_69872139383740'
Started GET "/users/contact_form/" for 127.0.0.1 at 2018-03-21 16:19:15 +0000
Processing by UsersController#contact_form as HTML
  Rendering users/contact_form.html.erb within layouts/application
  Rendered users/contact_form.html.erb within layouts/application (4.0ms)
Completed 200 OK in 13ms (Views: 12.8ms)


Started GET "/users/contact_form/" for 127.0.0.1 at 2018-03-21 16:19:33 +0000
Processing by UsersController#contact_form as HTML
  Rendering users/contact_form.html.erb within layouts/application
  Rendered users/contact_form.html.erb within layouts/application (1.0ms)
Completed 500 Internal Server Error in 2ms


  
ActionView::Template::Error (wrong number of arguments (1 for 2..4)):
    10:     <p>Message:</p>
    11:     <%= form_tag do %>
    12:   Form contents
    13:   <%= label text_field(:person, :name) %>
    14: <% end %>
    15: 
    16: 
  
app/views/users/contact_form.html.erb:13:in `block in _app_views_users_contact_form_html_erb__4064193235722587316_41690420'
app/views/users/contact_form.html.erb:11:in `_app_views_users_contact_form_html_erb__4064193235722587316_41690420'
Started GET "/users/contact_form/" for 127.0.0.1 at 2018-03-21 16:19:41 +0000
Processing by UsersController#contact_form as HTML
  Rendering users/contact_form.html.erb within layouts/application
  Rendered users/contact_form.html.erb within layouts/application (0.4ms)
Completed 500 Internal Server Error in 2ms


  
SyntaxError (/home/robson/form/app/views/users/contact_form.html.erb:13: syntax error, unexpected ')', expecting :: or '[' or '.'
...l, text_field(:person, :name) );@output_buffer.safe_append='
...                               ^
/home/robson/form/app/views/users/contact_form.html.erb:14: syntax error, unexpected keyword_end, expecting ')'
'.freeze; end 
             ^
/home/robson/form/app/views/users/contact_form.html.erb:21: syntax error, unexpected keyword_ensure, expecting ')'
/home/robson/form/app/views/users/contact_form.html.erb:23: syntax error, unexpected keyword_end, expecting ')'):
  
app/views/users/contact_form.html.erb:13: syntax error, unexpected ')', expecting :: or '[' or '.'
app/views/users/contact_form.html.erb:14: syntax error, unexpected keyword_end, expecting ')'
app/views/users/contact_form.html.erb:21: syntax error, unexpected keyword_ensure, expecting ')'
app/views/users/contact_form.html.erb:23: syntax error, unexpected keyword_end, expecting ')'
Started GET "/users/contact_form/" for 127.0.0.1 at 2018-03-21 16:19:50 +0000
Processing by UsersController#contact_form as HTML
  Rendering users/contact_form.html.erb within layouts/application
  Rendered users/contact_form.html.erb within layouts/application (0.7ms)
Completed 200 OK in 8ms (Views: 7.6ms)


Started GET "/users/contact_form/" for 127.0.0.1 at 2018-03-21 16:44:37 +0000
Processing by UsersController#contact_form as HTML
  Rendering users/contact_form.html.erb within layouts/application
  Rendered users/contact_form.html.erb within layouts/application (1.2ms)
Completed 200 OK in 9ms (Views: 8.7ms)


Started GET "/users/contact_form/" for 127.0.0.1 at 2018-03-21 16:44:56 +0000
Processing by UsersController#contact_form as HTML
  Rendering users/contact_form.html.erb within layouts/application
  Rendered users/contact_form.html.erb within layouts/application (0.9ms)
Completed 200 OK in 8ms (Views: 7.5ms)


Started GET "/users/contact_form/" for 127.0.0.1 at 2018-03-21 16:45:07 +0000
Processing by UsersController#contact_form as HTML
  Rendering users/contact_form.html.erb within layouts/application
  Rendered users/contact_form.html.erb within layouts/application (1.2ms)
Completed 200 OK in 11ms (Views: 9.9ms)


Started GET "/users/contact_form/" for 127.0.0.1 at 2018-03-21 16:45:16 +0000
Processing by UsersController#contact_form as HTML
  Rendering users/contact_form.html.erb within layouts/application
  Rendered users/contact_form.html.erb within layouts/application (1.0ms)
Completed 200 OK in 8ms (Views: 7.9ms)


Started GET "/users/contact_form/" for 127.0.0.1 at 2018-03-21 16:45:37 +0000
Processing by UsersController#contact_form as HTML
  Rendering users/contact_form.html.erb within layouts/application
  Rendered users/contact_form.html.erb within layouts/application (1.5ms)
Completed 200 OK in 12ms (Views: 11.5ms)


